06:33:150 - INFO 8892 --- [restartedMain] internal.InternalApplication             : Starting InternalApplication on XAOMI-AIR with PID 8892 (C:\Users\Sersus\IdeaProjects\WORKSHOP\internalREST\target\classes started by Sersus in C:\Users\Sersus\IdeaProjects\WORKSHOP)
-06:33:166 - INFO 8892 --- [restartedMain] internal.InternalApplication             : No active profile set, falling back to default profiles: default
-06:37:946 - WARN 8892 --- [restartedMain] aWebConfiguration$JpaWebMvcConfiguration : spring.jpa.open-in-view is enabled by default. Therefore, database queries may be performed during view rendering. Explicitly configure spring.jpa.open-in-view to disable this warning
-06:38:040 - WARN 8892 --- [restartedMain] ion$DefaultTemplateResolverConfiguration : Cannot find template location: classpath:/templates/ (please add some templates or check your Thymeleaf configuration)
-06:38:899 - INFO 8892 --- [restartedMain] internal.InternalApplication             : Started InternalApplication in 6.342 seconds (JVM running for 9.229)
-07:06:238 - INFO 11272 --- [restartedMain] internal.InternalApplication             : Starting InternalApplication on XAOMI-AIR with PID 11272 (C:\Users\Sersus\IdeaProjects\WORKSHOP\internalREST\target\classes started by Sersus in C:\Users\Sersus\IdeaProjects\WORKSHOP)
-07:06:238 - INFO 11272 --- [restartedMain] internal.InternalApplication             : No active profile set, falling back to default profiles: default
-07:06:317 - INFO 11272 --- [restartedMain] .e.DevToolsPropertyDefaultsPostProcessor : Devtools property defaults active! Set 'spring.devtools.add-properties' to 'false' to disable
-07:06:317 - INFO 11272 --- [restartedMain] .e.DevToolsPropertyDefaultsPostProcessor : For additional web related logging consider setting the 'logging.level.web' property to 'DEBUG'
-07:07:358 - INFO 11272 --- [restartedMain] .s.d.r.c.RepositoryConfigurationDelegate : Bootstrapping Spring Data repositories in DEFAULT mode.
-07:07:389 - INFO 11272 --- [restartedMain] .s.d.r.c.RepositoryConfigurationDelegate : Finished Spring Data repository scanning in 15ms. Found 0 repository interfaces.
-07:07:827 - INFO 11272 --- [restartedMain] faultConfiguringBeanFactoryPostProcessor : No bean named 'errorChannel' has been explicitly defined. Therefore, a default PublishSubscribeChannel will be created.
-07:07:827 - INFO 11272 --- [restartedMain] faultConfiguringBeanFactoryPostProcessor : No bean named 'taskScheduler' has been explicitly defined. Therefore, a default ThreadPoolTaskScheduler will be created.
-07:07:842 - INFO 11272 --- [restartedMain] faultConfiguringBeanFactoryPostProcessor : No bean named 'integrationHeaderChannelRegistry' has been explicitly defined. Therefore, a default DefaultHeaderChannelRegistry will be created.
-07:07:952 - INFO 11272 --- [restartedMain] trationDelegate$BeanPostProcessorChecker : Bean 'org.springframework.transaction.annotation.ProxyTransactionManagementConfiguration' of type [org.springframework.transaction.annotation.ProxyTransactionManagementConfiguration$$EnhancerBySpringCGLIB$$4280bd25] is not eligible for getting processed by all BeanPostProcessors (for example: not eligible for auto-proxying)
-07:08:014 - INFO 11272 --- [restartedMain] trationDelegate$BeanPostProcessorChecker : Bean 'org.springframework.integration.config.IntegrationManagementConfiguration' of type [org.springframework.integration.config.IntegrationManagementConfiguration$$EnhancerBySpringCGLIB$$ad727854] is not eligible for getting processed by all BeanPostProcessors (for example: not eligible for auto-proxying)
-07:08:030 - INFO 11272 --- [restartedMain] trationDelegate$BeanPostProcessorChecker : Bean 'integrationDisposableAutoCreatedBeans' of type [org.springframework.integration.config.annotation.Disposables] is not eligible for getting processed by all BeanPostProcessors (for example: not eligible for auto-proxying)
-07:08:443 - INFO 11272 --- [restartedMain] o.s.b.w.embedded.tomcat.TomcatWebServer  : Tomcat initialized with port(s): 8080 (http)
-07:08:459 - INFO 11272 --- [restartedMain] o.apache.catalina.core.StandardService   : Starting service [Tomcat]
-07:08:459 - INFO 11272 --- [restartedMain] org.apache.catalina.core.StandardEngine  : Starting Servlet engine: [Apache Tomcat/9.0.19]
-07:08:599 - INFO 11272 --- [restartedMain] o.a.c.c.C.[.[localhost].[/workshop.pro]  : Initializing Spring embedded WebApplicationContext
-07:08:599 - INFO 11272 --- [restartedMain] o.s.web.context.ContextLoader            : Root WebApplicationContext: initialization completed in 2282 ms
-07:09:017 - INFO 11272 --- [restartedMain] com.zaxxer.hikari.HikariDataSource       : HikariPool-1 - Starting...
-07:09:166 - INFO 11272 --- [restartedMain] com.zaxxer.hikari.HikariDataSource       : HikariPool-1 - Start completed.
-07:09:228 - INFO 11272 --- [restartedMain] o.hibernate.jpa.internal.util.LogHelper  : HHH000204: Processing PersistenceUnitInfo [
	name: default
	...]
-07:09:306 - INFO 11272 --- [restartedMain] org.hibernate.Version                    : HHH000412: Hibernate Core {5.3.10.Final}
-07:09:306 - INFO 11272 --- [restartedMain] org.hibernate.cfg.Environment            : HHH000206: hibernate.properties not found
-07:09:478 - INFO 11272 --- [restartedMain] o.hibernate.annotations.common.Version   : HCANN000001: Hibernate Commons Annotations {5.0.4.Final}
-07:09:699 - INFO 11272 --- [restartedMain] org.hibernate.dialect.Dialect            : HHH000400: Using dialect: org.hibernate.dialect.H2Dialect
-07:09:964 - INFO 11272 --- [restartedMain] o.h.t.schema.internal.SchemaCreatorImpl  : HHH000476: Executing import script 'org.hibernate.tool.schema.internal.exec.ScriptSourceInputNonExistentImpl@3c824297'
-07:09:980 - INFO 11272 --- [restartedMain] j.LocalContainerEntityManagerFactoryBean : Initialized JPA EntityManagerFactory for persistence unit 'default'
-07:10:067 - INFO 11272 --- [restartedMain] o.s.b.d.a.OptionalLiveReloadServer       : LiveReload server is running on port 35729
-07:10:491 - INFO 11272 --- [restartedMain] o.s.s.concurrent.ThreadPoolTaskExecutor  : Initializing ExecutorService 'applicationTaskExecutor'
-07:10:540 - WARN 11272 --- [restartedMain] aWebConfiguration$JpaWebMvcConfiguration : spring.jpa.open-in-view is enabled by default. Therefore, database queries may be performed during view rendering. Explicitly configure spring.jpa.open-in-view to disable this warning
-07:10:634 - WARN 11272 --- [restartedMain] ion$DefaultTemplateResolverConfiguration : Cannot find template location: classpath:/templates/ (please add some templates or check your Thymeleaf configuration)
-07:11:167 - INFO 11272 --- [restartedMain] o.s.s.web.DefaultSecurityFilterChain     : Creating filter chain: any request, [org.springframework.security.web.context.request.async.WebAsyncManagerIntegrationFilter@6c996b10, org.springframework.security.web.context.SecurityContextPersistenceFilter@7d5df145, org.springframework.security.web.header.HeaderWriterFilter@357d8695, org.springframework.security.web.csrf.CsrfFilter@2711d31e, org.springframework.security.web.authentication.logout.LogoutFilter@a8a2554, org.springframework.security.web.authentication.UsernamePasswordAuthenticationFilter@7d651c15, org.springframework.security.web.authentication.ui.DefaultLoginPageGeneratingFilter@57681d67, org.springframework.security.web.authentication.ui.DefaultLogoutPageGeneratingFilter@2534ed09, org.springframework.security.web.authentication.www.BasicAuthenticationFilter@528b5340, org.springframework.security.web.savedrequest.RequestCacheAwareFilter@4280efa1, org.springframework.security.web.servletapi.SecurityContextHolderAwareRequestFilter@1fa26a3, org.springframework.security.web.authentication.AnonymousAuthenticationFilter@1fadd07b, org.springframework.security.web.session.SessionManagementFilter@49ca4491, org.springframework.security.web.access.ExceptionTranslationFilter@636db0ac, org.springframework.security.web.access.intercept.FilterSecurityInterceptor@77e21be9]
-07:11:308 - INFO 11272 --- [restartedMain] o.s.s.c.ThreadPoolTaskScheduler          : Initializing ExecutorService 'taskScheduler'
-07:11:417 - INFO 11272 --- [restartedMain] o.s.i.endpoint.EventDrivenConsumer       : Adding {logging-channel-adapter:_org.springframework.integration.errorLogger} as a subscriber to the 'errorChannel' channel
-07:11:417 - INFO 11272 --- [restartedMain] o.s.i.channel.PublishSubscribeChannel    : Channel 'workshop.pro.errorChannel' has 1 subscriber(s).
-07:11:417 - INFO 11272 --- [restartedMain] o.s.i.endpoint.EventDrivenConsumer       : started _org.springframework.integration.errorLogger
-07:11:464 - INFO 11272 --- [restartedMain] o.s.b.w.embedded.tomcat.TomcatWebServer  : Tomcat started on port(s): 8080 (http) with context path '/workshop.pro'
-07:11:464 - INFO 11272 --- [restartedMain] internal.InternalApplication             : Started InternalApplication in 5.819 seconds (JVM running for 7.445)
-07:28:545 - INFO 11272 --- [http-nio-8080-exec-2] o.a.c.c.C.[.[localhost].[/workshop.pro]  : Initializing Spring DispatcherServlet 'dispatcherServlet'
-07:28:545 - INFO 11272 --- [http-nio-8080-exec-2] o.s.web.servlet.DispatcherServlet        : Initializing Servlet 'dispatcherServlet'
-07:28:560 - INFO 11272 --- [http-nio-8080-exec-2] o.s.web.servlet.DispatcherServlet        : Completed initialization in 15 ms
-08:59:553 - INFO 11272 --- [Thread-20] o.s.i.endpoint.EventDrivenConsumer       : Removing {logging-channel-adapter:_org.springframework.integration.errorLogger} as a subscriber to the 'errorChannel' channel
-08:59:553 - INFO 11272 --- [Thread-20] o.s.i.channel.PublishSubscribeChannel    : Channel 'workshop.pro.errorChannel' has 0 subscriber(s).
-08:59:553 - INFO 11272 --- [Thread-20] o.s.i.endpoint.EventDrivenConsumer       : stopped _org.springframework.integration.errorLogger
-08:59:569 - INFO 11272 --- [Thread-20] o.s.s.c.ThreadPoolTaskScheduler          : Shutting down ExecutorService 'taskScheduler'
-08:59:569 - INFO 11272 --- [Thread-20] o.s.s.concurrent.ThreadPoolTaskExecutor  : Shutting down ExecutorService 'applicationTaskExecutor'
-08:59:569 - INFO 11272 --- [Thread-20] j.LocalContainerEntityManagerFactoryBean : Closing JPA EntityManagerFactory for persistence unit 'default'
-08:59:569 - INFO 11272 --- [Thread-20] .SchemaDropperImpl$DelayedDropActionImpl : HHH000477: Starting delayed evictData of schema as part of SessionFactory shut-down'
-08:59:584 - INFO 11272 --- [Thread-20] o.s.b.f.support.DisposableBeanAdapter    : Invocation of destroy method failed on bean with name 'inMemoryDatabaseShutdownExecutor': org.h2.jdbc.JdbcSQLNonTransientConnectionException: База данных уже закрыта (чтобы отключить автоматическое закрытие базы данных при останове JVM, добавьте ";DB_CLOSE_ON_EXIT=FALSE" в URL)
Database is already closed (to disable automatic closing at VM shutdown, add ";DB_CLOSE_ON_EXIT=FALSE" to the db URL) [90121-199]
-08:59:584 - INFO 11272 --- [Thread-20] com.zaxxer.hikari.HikariDataSource       : HikariPool-1 - Shutdown initiated...
-08:59:584 - INFO 11272 --- [Thread-20] com.zaxxer.hikari.HikariDataSource       : HikariPool-1 - Shutdown completed.
-