"2019-09-19 10:27:23 [main] INFO  w.i.c.WorkshopControllerAbstractIT - Starting WorkshopControllerAbstractIT on XIAOMI-PRO with PID 3524 (started by Sersus in C:\Users\Sersus\IdeaProjects\WORKSHOP\internal)
""2019-09-19 10:27:23 [main] INFO  w.i.c.WorkshopControllerAbstractIT - No active profile set, falling back to default profiles: default
""2019-09-19 10:27:29 [main] WARN  org.hibernate.orm.cache - HHH90001006: Missing cache[default-update-timestamps-region] was created on-the-fly. The created cache will use a provider-specific default configuration: make sure you defined one. You can disable this warning by setting 'hibernate.javax.cache.missing_cache_strategy' to 'create'.
""2019-09-19 10:27:29 [main] WARN  org.hibernate.orm.cache - HHH90001006: Missing cache[default-query-results-region] was created on-the-fly. The created cache will use a provider-specific default configuration: make sure you defined one. You can disable this warning by setting 'hibernate.javax.cache.missing_cache_strategy' to 'create'.
""2019-09-19 10:27:29 [main] WARN  org.hibernate.orm.cache - HHH90001006: Missing cache[workshop.internal.entities.ExternalAuthority] was created on-the-fly. The created cache will use a provider-specific default configuration: make sure you defined one. You can disable this warning by setting 'hibernate.javax.cache.missing_cache_strategy' to 'create'.
""2019-09-19 10:27:29 [main] WARN  org.hibernate.orm.cache - HHH90001006: Missing cache[workshop.internal.entities.Classifier] was created on-the-fly. The created cache will use a provider-specific default configuration: make sure you defined one. You can disable this warning by setting 'hibernate.javax.cache.missing_cache_strategy' to 'create'.
""2019-09-19 10:27:29 [main] WARN  org.hibernate.orm.cache - HHH90001006: Missing cache[workshop.internal.entities.User.orders] was created on-the-fly. The created cache will use a provider-specific default configuration: make sure you defined one. You can disable this warning by setting 'hibernate.javax.cache.missing_cache_strategy' to 'create'.
""2019-09-19 10:27:29 [main] WARN  org.hibernate.orm.cache - HHH90001006: Missing cache[workshop.internal.entities.Task.classifiers] was created on-the-fly. The created cache will use a provider-specific default configuration: make sure you defined one. You can disable this warning by setting 'hibernate.javax.cache.missing_cache_strategy' to 'create'.
""2019-09-19 10:27:29 [main] WARN  org.hibernate.orm.cache - HHH90001006: Missing cache[workshop.internal.entities.Order.tasks] was created on-the-fly. The created cache will use a provider-specific default configuration: make sure you defined one. You can disable this warning by setting 'hibernate.javax.cache.missing_cache_strategy' to 'create'.
""2019-09-19 10:27:29 [main] WARN  org.hibernate.orm.cache - HHH90001006: Missing cache[workshop.internal.entities.Position.employees] was created on-the-fly. The created cache will use a provider-specific default configuration: make sure you defined one. You can disable this warning by setting 'hibernate.javax.cache.missing_cache_strategy' to 'create'.
""2019-09-19 10:27:29 [main] WARN  org.hibernate.orm.cache - HHH90001006: Missing cache[workshop.internal.entities.Task] was created on-the-fly. The created cache will use a provider-specific default configuration: make sure you defined one. You can disable this warning by setting 'hibernate.javax.cache.missing_cache_strategy' to 'create'.
""2019-09-19 10:27:29 [main] WARN  org.hibernate.orm.cache - HHH90001006: Missing cache[workshop.internal.entities.User] was created on-the-fly. The created cache will use a provider-specific default configuration: make sure you defined one. You can disable this warning by setting 'hibernate.javax.cache.missing_cache_strategy' to 'create'.
""2019-09-19 10:27:29 [main] WARN  org.hibernate.orm.cache - HHH90001006: Missing cache[workshop.internal.entities.Position] was created on-the-fly. The created cache will use a provider-specific default configuration: make sure you defined one. You can disable this warning by setting 'hibernate.javax.cache.missing_cache_strategy' to 'create'.
""2019-09-19 10:27:29 [main] WARN  org.hibernate.orm.cache - HHH90001006: Missing cache[workshop.internal.entities.Employee.phones] was created on-the-fly. The created cache will use a provider-specific default configuration: make sure you defined one. You can disable this warning by setting 'hibernate.javax.cache.missing_cache_strategy' to 'create'.
""2019-09-19 10:27:29 [main] WARN  org.hibernate.orm.cache - HHH90001006: Missing cache[workshop.internal.entities.Employee] was created on-the-fly. The created cache will use a provider-specific default configuration: make sure you defined one. You can disable this warning by setting 'hibernate.javax.cache.missing_cache_strategy' to 'create'.
""2019-09-19 10:27:29 [main] WARN  org.hibernate.orm.cache - HHH90001006: Missing cache[workshop.internal.entities.InternalAuthority] was created on-the-fly. The created cache will use a provider-specific default configuration: make sure you defined one. You can disable this warning by setting 'hibernate.javax.cache.missing_cache_strategy' to 'create'.
""2019-09-19 10:27:29 [main] WARN  org.hibernate.orm.cache - HHH90001006: Missing cache[workshop.internal.entities.Department.positions] was created on-the-fly. The created cache will use a provider-specific default configuration: make sure you defined one. You can disable this warning by setting 'hibernate.javax.cache.missing_cache_strategy' to 'create'.
""2019-09-19 10:27:29 [main] WARN  org.hibernate.orm.cache - HHH90001006: Missing cache[workshop.internal.entities.Department] was created on-the-fly. The created cache will use a provider-specific default configuration: make sure you defined one. You can disable this warning by setting 'hibernate.javax.cache.missing_cache_strategy' to 'create'.
""2019-09-19 10:27:29 [main] WARN  org.hibernate.orm.cache - HHH90001006: Missing cache[workshop.internal.entities.Phone] was created on-the-fly. The created cache will use a provider-specific default configuration: make sure you defined one. You can disable this warning by setting 'hibernate.javax.cache.missing_cache_strategy' to 'create'.
""2019-09-19 10:27:29 [main] WARN  org.hibernate.orm.cache - HHH90001006: Missing cache[workshop.internal.entities.Order] was created on-the-fly. The created cache will use a provider-specific default configuration: make sure you defined one. You can disable this warning by setting 'hibernate.javax.cache.missing_cache_strategy' to 'create'.
""2019-09-19 10:27:29 [main] WARN  org.hibernate.orm.cache - HHH90001006: Missing cache[workshop.internal.entities.User.phones] was created on-the-fly. The created cache will use a provider-specific default configuration: make sure you defined one. You can disable this warning by setting 'hibernate.javax.cache.missing_cache_strategy' to 'create'.
""2019-09-19 10:27:29 [main] WARN  org.hibernate.orm.cache - HHH90001006: Missing cache[workshop.internal.entities.User.externalAuthorities] was created on-the-fly. The created cache will use a provider-specific default configuration: make sure you defined one. You can disable this warning by setting 'hibernate.javax.cache.missing_cache_strategy' to 'create'.
""2019-09-19 10:27:33 [main] WARN  o.s.b.a.o.j.JpaBaseConfiguration$JpaWebConfiguration$JpaWebMvcConfiguration - spring.jpa.open-in-view is enabled by default. Therefore, database queries may be performed during view rendering. Explicitly configure spring.jpa.open-in-view to disable this warning
""2019-09-19 10:27:36 [main] INFO  w.i.c.WorkshopControllerAbstractIT - Started WorkshopControllerAbstractIT in 13.195 seconds (JVM running for 15.866)
""2019-09-19 10:27:36 [main] INFO  w.i.dao.WorkshopEntitiesDaoAbstract - Authentication=employee@workshop.pro is found
""2019-09-19 10:27:36 [main] INFO  w.i.dao.WorkshopEntitiesDaoAbstract - Classifier has been persisted.
""2019-09-19 10:27:36 [main] DEBUG o.s.s.access.vote.AffirmativeBased - Voter: org.springframework.security.web.access.expression.WebExpressionVoter@5319efc0, returned: 1
""2019-09-19 10:50:46 [main] INFO  w.i.c.WorkshopControllerAbstractIT - Starting WorkshopControllerAbstractIT on XIAOMI-PRO with PID 19052 (started by Sersus in C:\Users\Sersus\IdeaProjects\WORKSHOP\internal)
""2019-09-19 10:50:46 [main] INFO  w.i.c.WorkshopControllerAbstractIT - No active profile set, falling back to default profiles: default
""2019-09-19 10:50:51 [main] WARN  org.hibernate.orm.cache - HHH90001006: Missing cache[default-update-timestamps-region] was created on-the-fly. The created cache will use a provider-specific default configuration: make sure you defined one. You can disable this warning by setting 'hibernate.javax.cache.missing_cache_strategy' to 'create'.
""2019-09-19 10:50:51 [main] WARN  org.hibernate.orm.cache - HHH90001006: Missing cache[default-query-results-region] was created on-the-fly. The created cache will use a provider-specific default configuration: make sure you defined one. You can disable this warning by setting 'hibernate.javax.cache.missing_cache_strategy' to 'create'.
""2019-09-19 10:50:52 [main] WARN  org.hibernate.orm.cache - HHH90001006: Missing cache[workshop.internal.entities.Position.employees] was created on-the-fly. The created cache will use a provider-specific default configuration: make sure you defined one. You can disable this warning by setting 'hibernate.javax.cache.missing_cache_strategy' to 'create'.
""2019-09-19 10:50:52 [main] WARN  org.hibernate.orm.cache - HHH90001006: Missing cache[workshop.internal.entities.User.externalAuthorities] was created on-the-fly. The created cache will use a provider-specific default configuration: make sure you defined one. You can disable this warning by setting 'hibernate.javax.cache.missing_cache_strategy' to 'create'.
""2019-09-19 10:50:52 [main] WARN  org.hibernate.orm.cache - HHH90001006: Missing cache[workshop.internal.entities.InternalAuthority] was created on-the-fly. The created cache will use a provider-specific default configuration: make sure you defined one. You can disable this warning by setting 'hibernate.javax.cache.missing_cache_strategy' to 'create'.
""2019-09-19 10:50:52 [main] WARN  org.hibernate.orm.cache - HHH90001006: Missing cache[workshop.internal.entities.Employee] was created on-the-fly. The created cache will use a provider-specific default configuration: make sure you defined one. You can disable this warning by setting 'hibernate.javax.cache.missing_cache_strategy' to 'create'.
""2019-09-19 10:50:52 [main] WARN  org.hibernate.orm.cache - HHH90001006: Missing cache[workshop.internal.entities.Task.classifiers] was created on-the-fly. The created cache will use a provider-specific default configuration: make sure you defined one. You can disable this warning by setting 'hibernate.javax.cache.missing_cache_strategy' to 'create'.
""2019-09-19 10:50:52 [main] WARN  org.hibernate.orm.cache - HHH90001006: Missing cache[workshop.internal.entities.Department.positions] was created on-the-fly. The created cache will use a provider-specific default configuration: make sure you defined one. You can disable this warning by setting 'hibernate.javax.cache.missing_cache_strategy' to 'create'.
""2019-09-19 10:50:52 [main] WARN  org.hibernate.orm.cache - HHH90001006: Missing cache[workshop.internal.entities.Order.tasks] was created on-the-fly. The created cache will use a provider-specific default configuration: make sure you defined one. You can disable this warning by setting 'hibernate.javax.cache.missing_cache_strategy' to 'create'.
""2019-09-19 10:50:52 [main] WARN  org.hibernate.orm.cache - HHH90001006: Missing cache[workshop.internal.entities.Department] was created on-the-fly. The created cache will use a provider-specific default configuration: make sure you defined one. You can disable this warning by setting 'hibernate.javax.cache.missing_cache_strategy' to 'create'.
""2019-09-19 10:50:52 [main] WARN  org.hibernate.orm.cache - HHH90001006: Missing cache[workshop.internal.entities.Order] was created on-the-fly. The created cache will use a provider-specific default configuration: make sure you defined one. You can disable this warning by setting 'hibernate.javax.cache.missing_cache_strategy' to 'create'.
""2019-09-19 10:50:52 [main] WARN  org.hibernate.orm.cache - HHH90001006: Missing cache[workshop.internal.entities.Employee.phones] was created on-the-fly. The created cache will use a provider-specific default configuration: make sure you defined one. You can disable this warning by setting 'hibernate.javax.cache.missing_cache_strategy' to 'create'.
""2019-09-19 10:50:52 [main] WARN  org.hibernate.orm.cache - HHH90001006: Missing cache[workshop.internal.entities.Position] was created on-the-fly. The created cache will use a provider-specific default configuration: make sure you defined one. You can disable this warning by setting 'hibernate.javax.cache.missing_cache_strategy' to 'create'.
""2019-09-19 10:50:52 [main] WARN  org.hibernate.orm.cache - HHH90001006: Missing cache[workshop.internal.entities.Phone] was created on-the-fly. The created cache will use a provider-specific default configuration: make sure you defined one. You can disable this warning by setting 'hibernate.javax.cache.missing_cache_strategy' to 'create'.
""2019-09-19 10:50:52 [main] WARN  org.hibernate.orm.cache - HHH90001006: Missing cache[workshop.internal.entities.User] was created on-the-fly. The created cache will use a provider-specific default configuration: make sure you defined one. You can disable this warning by setting 'hibernate.javax.cache.missing_cache_strategy' to 'create'.
""2019-09-19 10:50:52 [main] WARN  org.hibernate.orm.cache - HHH90001006: Missing cache[workshop.internal.entities.Task] was created on-the-fly. The created cache will use a provider-specific default configuration: make sure you defined one. You can disable this warning by setting 'hibernate.javax.cache.missing_cache_strategy' to 'create'.
""2019-09-19 10:50:52 [main] WARN  org.hibernate.orm.cache - HHH90001006: Missing cache[workshop.internal.entities.User.phones] was created on-the-fly. The created cache will use a provider-specific default configuration: make sure you defined one. You can disable this warning by setting 'hibernate.javax.cache.missing_cache_strategy' to 'create'.
""2019-09-19 10:50:52 [main] WARN  org.hibernate.orm.cache - HHH90001006: Missing cache[workshop.internal.entities.Classifier] was created on-the-fly. The created cache will use a provider-specific default configuration: make sure you defined one. You can disable this warning by setting 'hibernate.javax.cache.missing_cache_strategy' to 'create'.
""2019-09-19 10:50:52 [main] WARN  org.hibernate.orm.cache - HHH90001006: Missing cache[workshop.internal.entities.ExternalAuthority] was created on-the-fly. The created cache will use a provider-specific default configuration: make sure you defined one. You can disable this warning by setting 'hibernate.javax.cache.missing_cache_strategy' to 'create'.
""2019-09-19 10:50:52 [main] WARN  org.hibernate.orm.cache - HHH90001006: Missing cache[workshop.internal.entities.User.orders] was created on-the-fly. The created cache will use a provider-specific default configuration: make sure you defined one. You can disable this warning by setting 'hibernate.javax.cache.missing_cache_strategy' to 'create'.
""2019-09-19 10:50:56 [main] WARN  o.s.b.a.o.j.JpaBaseConfiguration$JpaWebConfiguration$JpaWebMvcConfiguration - spring.jpa.open-in-view is enabled by default. Therefore, database queries may be performed during view rendering. Explicitly configure spring.jpa.open-in-view to disable this warning
""2019-09-19 10:50:58 [main] INFO  w.i.c.WorkshopControllerAbstractIT - Started WorkshopControllerAbstractIT in 12.309 seconds (JVM running for 14.096)
""2019-09-19 10:50:59 [main] INFO  w.i.dao.WorkshopEntitiesDaoAbstract - Authentication=employee@workshop.pro is found
""2019-09-19 10:50:59 [main] INFO  w.i.dao.WorkshopEntitiesDaoAbstract - Classifier has been persisted.
""2019-09-19 10:50:59 [main] INFO  w.i.dao.WorkshopEntitiesDaoAbstract - Authentication=employee@workshop.pro is found
""2019-09-19 10:50:59 [main] INFO  w.i.dao.WorkshopEntitiesDaoAbstract - Task has been persisted.
""2019-09-19 10:50:59 [main] ERROR o.h.e.j.batch.internal.BatchingBatch - HHH000315: Exception executing batch [org.h2.jdbc.JdbcBatchUpdateException: Значение NULL не разрешено для поля "ORDER_ID"
NULL not allowed for column "ORDER_ID"; SQL statement:
insert into internal.tasks (created, created_by, finished, modified, modified_by, appointed_to, deadline, name, order_id, price, id) values (?, ?, ?, ?, ?, ?, ?, ?, ?, ?, ?) [23502-199]], SQL: insert into internal.tasks (created, created_by, finished, modified, modified_by, appointed_to, deadline, name, order_id, price, id) values (?, ?, ?, ?, ?, ?, ?, ?, ?, ?, ?)
""2019-09-19 10:50:59 [main] WARN  o.h.e.jdbc.spi.SqlExceptionHelper - SQL Error: 23502, SQLState: 23502
""2019-09-19 10:50:59 [main] ERROR o.h.e.jdbc.spi.SqlExceptionHelper - Значение NULL не разрешено для поля "ORDER_ID"
NULL not allowed for column "ORDER_ID"; SQL statement:
insert into internal.tasks (created, created_by, finished, modified, modified_by, appointed_to, deadline, name, order_id, price, id) values (?, ?, ?, ?, ?, ?, ?, ?, ?, ?, ?) [23502-199]
""2019-09-19 10:50:59 [main] ERROR o.h.i.ExceptionMapperStandardImpl - HHH000346: Error during managed flush [org.hibernate.exception.ConstraintViolationException: could not execute batch]
""2019-09-19 10:54:08 [main] INFO  w.i.c.WorkshopControllerAbstractIT - Starting WorkshopControllerAbstractIT on XIAOMI-PRO with PID 6776 (started by Sersus in C:\Users\Sersus\IdeaProjects\WORKSHOP\internal)
""2019-09-19 10:54:08 [main] INFO  w.i.c.WorkshopControllerAbstractIT - No active profile set, falling back to default profiles: default
""2019-09-19 10:54:12 [main] WARN  org.hibernate.orm.cache - HHH90001006: Missing cache[default-update-timestamps-region] was created on-the-fly. The created cache will use a provider-specific default configuration: make sure you defined one. You can disable this warning by setting 'hibernate.javax.cache.missing_cache_strategy' to 'create'.
""2019-09-19 10:54:12 [main] WARN  org.hibernate.orm.cache - HHH90001006: Missing cache[default-query-results-region] was created on-the-fly. The created cache will use a provider-specific default configuration: make sure you defined one. You can disable this warning by setting 'hibernate.javax.cache.missing_cache_strategy' to 'create'.
""2019-09-19 10:54:13 [main] WARN  org.hibernate.orm.cache - HHH90001006: Missing cache[workshop.internal.entities.User] was created on-the-fly. The created cache will use a provider-specific default configuration: make sure you defined one. You can disable this warning by setting 'hibernate.javax.cache.missing_cache_strategy' to 'create'.
""2019-09-19 10:54:13 [main] WARN  org.hibernate.orm.cache - HHH90001006: Missing cache[workshop.internal.entities.Order.tasks] was created on-the-fly. The created cache will use a provider-specific default configuration: make sure you defined one. You can disable this warning by setting 'hibernate.javax.cache.missing_cache_strategy' to 'create'.
""2019-09-19 10:54:13 [main] WARN  org.hibernate.orm.cache - HHH90001006: Missing cache[workshop.internal.entities.Position] was created on-the-fly. The created cache will use a provider-specific default configuration: make sure you defined one. You can disable this warning by setting 'hibernate.javax.cache.missing_cache_strategy' to 'create'.
""2019-09-19 10:54:13 [main] WARN  org.hibernate.orm.cache - HHH90001006: Missing cache[workshop.internal.entities.User.phones] was created on-the-fly. The created cache will use a provider-specific default configuration: make sure you defined one. You can disable this warning by setting 'hibernate.javax.cache.missing_cache_strategy' to 'create'.
""2019-09-19 10:54:13 [main] WARN  org.hibernate.orm.cache - HHH90001006: Missing cache[workshop.internal.entities.User.externalAuthorities] was created on-the-fly. The created cache will use a provider-specific default configuration: make sure you defined one. You can disable this warning by setting 'hibernate.javax.cache.missing_cache_strategy' to 'create'.
""2019-09-19 10:54:13 [main] WARN  org.hibernate.orm.cache - HHH90001006: Missing cache[workshop.internal.entities.Employee] was created on-the-fly. The created cache will use a provider-specific default configuration: make sure you defined one. You can disable this warning by setting 'hibernate.javax.cache.missing_cache_strategy' to 'create'.
""2019-09-19 10:54:13 [main] WARN  org.hibernate.orm.cache - HHH90001006: Missing cache[workshop.internal.entities.Position.employees] was created on-the-fly. The created cache will use a provider-specific default configuration: make sure you defined one. You can disable this warning by setting 'hibernate.javax.cache.missing_cache_strategy' to 'create'.
""2019-09-19 10:54:13 [main] WARN  org.hibernate.orm.cache - HHH90001006: Missing cache[workshop.internal.entities.User.orders] was created on-the-fly. The created cache will use a provider-specific default configuration: make sure you defined one. You can disable this warning by setting 'hibernate.javax.cache.missing_cache_strategy' to 'create'.
""2019-09-19 10:54:13 [main] WARN  org.hibernate.orm.cache - HHH90001006: Missing cache[workshop.internal.entities.Department] was created on-the-fly. The created cache will use a provider-specific default configuration: make sure you defined one. You can disable this warning by setting 'hibernate.javax.cache.missing_cache_strategy' to 'create'.
""2019-09-19 10:54:13 [main] WARN  org.hibernate.orm.cache - HHH90001006: Missing cache[workshop.internal.entities.ExternalAuthority] was created on-the-fly. The created cache will use a provider-specific default configuration: make sure you defined one. You can disable this warning by setting 'hibernate.javax.cache.missing_cache_strategy' to 'create'.
""2019-09-19 10:54:13 [main] WARN  org.hibernate.orm.cache - HHH90001006: Missing cache[workshop.internal.entities.Phone] was created on-the-fly. The created cache will use a provider-specific default configuration: make sure you defined one. You can disable this warning by setting 'hibernate.javax.cache.missing_cache_strategy' to 'create'.
""2019-09-19 10:54:13 [main] WARN  org.hibernate.orm.cache - HHH90001006: Missing cache[workshop.internal.entities.Order] was created on-the-fly. The created cache will use a provider-specific default configuration: make sure you defined one. You can disable this warning by setting 'hibernate.javax.cache.missing_cache_strategy' to 'create'.
""2019-09-19 10:54:13 [main] WARN  org.hibernate.orm.cache - HHH90001006: Missing cache[workshop.internal.entities.Department.positions] was created on-the-fly. The created cache will use a provider-specific default configuration: make sure you defined one. You can disable this warning by setting 'hibernate.javax.cache.missing_cache_strategy' to 'create'.
""2019-09-19 10:54:13 [main] WARN  org.hibernate.orm.cache - HHH90001006: Missing cache[workshop.internal.entities.Classifier] was created on-the-fly. The created cache will use a provider-specific default configuration: make sure you defined one. You can disable this warning by setting 'hibernate.javax.cache.missing_cache_strategy' to 'create'.
""2019-09-19 10:54:13 [main] WARN  org.hibernate.orm.cache - HHH90001006: Missing cache[workshop.internal.entities.Task] was created on-the-fly. The created cache will use a provider-specific default configuration: make sure you defined one. You can disable this warning by setting 'hibernate.javax.cache.missing_cache_strategy' to 'create'.
""2019-09-19 10:54:13 [main] WARN  org.hibernate.orm.cache - HHH90001006: Missing cache[workshop.internal.entities.Employee.phones] was created on-the-fly. The created cache will use a provider-specific default configuration: make sure you defined one. You can disable this warning by setting 'hibernate.javax.cache.missing_cache_strategy' to 'create'.
""2019-09-19 10:54:13 [main] WARN  org.hibernate.orm.cache - HHH90001006: Missing cache[workshop.internal.entities.InternalAuthority] was created on-the-fly. The created cache will use a provider-specific default configuration: make sure you defined one. You can disable this warning by setting 'hibernate.javax.cache.missing_cache_strategy' to 'create'.
""2019-09-19 10:54:13 [main] WARN  org.hibernate.orm.cache - HHH90001006: Missing cache[workshop.internal.entities.Task.classifiers] was created on-the-fly. The created cache will use a provider-specific default configuration: make sure you defined one. You can disable this warning by setting 'hibernate.javax.cache.missing_cache_strategy' to 'create'.
""2019-09-19 10:54:15 [main] WARN  o.s.b.a.o.j.JpaBaseConfiguration$JpaWebConfiguration$JpaWebMvcConfiguration - spring.jpa.open-in-view is enabled by default. Therefore, database queries may be performed during view rendering. Explicitly configure spring.jpa.open-in-view to disable this warning
""2019-09-19 10:54:18 [main] INFO  w.i.c.WorkshopControllerAbstractIT - Started WorkshopControllerAbstractIT in 9.798 seconds (JVM running for 11.158)
""2019-09-19 10:54:18 [main] INFO  w.i.dao.WorkshopEntitiesDaoAbstract - Authentication=employee@workshop.pro is found
""2019-09-19 10:54:18 [main] INFO  w.i.dao.WorkshopEntitiesDaoAbstract - Classifier has been persisted.
""2019-09-19 10:54:18 [main] INFO  w.i.dao.WorkshopEntitiesDaoAbstract - Authentication=employee@workshop.pro is found
""2019-09-19 10:54:18 [main] INFO  w.i.dao.WorkshopEntitiesDaoAbstract - Order has been persisted.
""2019-09-19 10:54:18 [main] INFO  w.i.dao.WorkshopEntitiesDaoAbstract - Authentication=employee@workshop.pro is found
""2019-09-19 10:54:18 [main] INFO  w.i.dao.WorkshopEntitiesDaoAbstract - Task has been persisted.
""2019-09-19 10:54:18 [main] DEBUG o.s.s.access.vote.AffirmativeBased - Voter: org.springframework.security.web.access.expression.WebExpressionVoter@702ab027, returned: 1
""2019-09-19 10:56:23 [main] INFO  w.i.c.WorkshopControllerAbstractIT - Starting WorkshopControllerAbstractIT on XIAOMI-PRO with PID 15112 (started by Sersus in C:\Users\Sersus\IdeaProjects\WORKSHOP\internal)
""2019-09-19 10:56:23 [main] INFO  w.i.c.WorkshopControllerAbstractIT - No active profile set, falling back to default profiles: default
""2019-09-19 10:56:27 [main] WARN  org.hibernate.orm.cache - HHH90001006: Missing cache[default-update-timestamps-region] was created on-the-fly. The created cache will use a provider-specific default configuration: make sure you defined one. You can disable this warning by setting 'hibernate.javax.cache.missing_cache_strategy' to 'create'.
""2019-09-19 10:56:27 [main] WARN  org.hibernate.orm.cache - HHH90001006: Missing cache[default-query-results-region] was created on-the-fly. The created cache will use a provider-specific default configuration: make sure you defined one. You can disable this warning by setting 'hibernate.javax.cache.missing_cache_strategy' to 'create'.
""2019-09-19 10:56:28 [main] WARN  org.hibernate.orm.cache - HHH90001006: Missing cache[workshop.internal.entities.User.externalAuthorities] was created on-the-fly. The created cache will use a provider-specific default configuration: make sure you defined one. You can disable this warning by setting 'hibernate.javax.cache.missing_cache_strategy' to 'create'.
""2019-09-19 10:56:28 [main] WARN  org.hibernate.orm.cache - HHH90001006: Missing cache[workshop.internal.entities.Employee.phones] was created on-the-fly. The created cache will use a provider-specific default configuration: make sure you defined one. You can disable this warning by setting 'hibernate.javax.cache.missing_cache_strategy' to 'create'.
""2019-09-19 10:56:28 [main] WARN  org.hibernate.orm.cache - HHH90001006: Missing cache[workshop.internal.entities.InternalAuthority] was created on-the-fly. The created cache will use a provider-specific default configuration: make sure you defined one. You can disable this warning by setting 'hibernate.javax.cache.missing_cache_strategy' to 'create'.
""2019-09-19 10:56:28 [main] WARN  org.hibernate.orm.cache - HHH90001006: Missing cache[workshop.internal.entities.Phone] was created on-the-fly. The created cache will use a provider-specific default configuration: make sure you defined one. You can disable this warning by setting 'hibernate.javax.cache.missing_cache_strategy' to 'create'.
""2019-09-19 10:56:28 [main] WARN  org.hibernate.orm.cache - HHH90001006: Missing cache[workshop.internal.entities.Department.positions] was created on-the-fly. The created cache will use a provider-specific default configuration: make sure you defined one. You can disable this warning by setting 'hibernate.javax.cache.missing_cache_strategy' to 'create'.
""2019-09-19 10:56:28 [main] WARN  org.hibernate.orm.cache - HHH90001006: Missing cache[workshop.internal.entities.ExternalAuthority] was created on-the-fly. The created cache will use a provider-specific default configuration: make sure you defined one. You can disable this warning by setting 'hibernate.javax.cache.missing_cache_strategy' to 'create'.
""2019-09-19 10:56:28 [main] WARN  org.hibernate.orm.cache - HHH90001006: Missing cache[workshop.internal.entities.Task.classifiers] was created on-the-fly. The created cache will use a provider-specific default configuration: make sure you defined one. You can disable this warning by setting 'hibernate.javax.cache.missing_cache_strategy' to 'create'.
""2019-09-19 10:56:28 [main] WARN  org.hibernate.orm.cache - HHH90001006: Missing cache[workshop.internal.entities.Position] was created on-the-fly. The created cache will use a provider-specific default configuration: make sure you defined one. You can disable this warning by setting 'hibernate.javax.cache.missing_cache_strategy' to 'create'.
""2019-09-19 10:56:28 [main] WARN  org.hibernate.orm.cache - HHH90001006: Missing cache[workshop.internal.entities.Employee] was created on-the-fly. The created cache will use a provider-specific default configuration: make sure you defined one. You can disable this warning by setting 'hibernate.javax.cache.missing_cache_strategy' to 'create'.
""2019-09-19 10:56:28 [main] WARN  org.hibernate.orm.cache - HHH90001006: Missing cache[workshop.internal.entities.User] was created on-the-fly. The created cache will use a provider-specific default configuration: make sure you defined one. You can disable this warning by setting 'hibernate.javax.cache.missing_cache_strategy' to 'create'.
""2019-09-19 10:56:28 [main] WARN  org.hibernate.orm.cache - HHH90001006: Missing cache[workshop.internal.entities.Department] was created on-the-fly. The created cache will use a provider-specific default configuration: make sure you defined one. You can disable this warning by setting 'hibernate.javax.cache.missing_cache_strategy' to 'create'.
""2019-09-19 10:56:28 [main] WARN  org.hibernate.orm.cache - HHH90001006: Missing cache[workshop.internal.entities.Position.employees] was created on-the-fly. The created cache will use a provider-specific default configuration: make sure you defined one. You can disable this warning by setting 'hibernate.javax.cache.missing_cache_strategy' to 'create'.
""2019-09-19 10:56:28 [main] WARN  org.hibernate.orm.cache - HHH90001006: Missing cache[workshop.internal.entities.User.orders] was created on-the-fly. The created cache will use a provider-specific default configuration: make sure you defined one. You can disable this warning by setting 'hibernate.javax.cache.missing_cache_strategy' to 'create'.
""2019-09-19 10:56:28 [main] WARN  org.hibernate.orm.cache - HHH90001006: Missing cache[workshop.internal.entities.User.phones] was created on-the-fly. The created cache will use a provider-specific default configuration: make sure you defined one. You can disable this warning by setting 'hibernate.javax.cache.missing_cache_strategy' to 'create'.
""2019-09-19 10:56:28 [main] WARN  org.hibernate.orm.cache - HHH90001006: Missing cache[workshop.internal.entities.Classifier] was created on-the-fly. The created cache will use a provider-specific default configuration: make sure you defined one. You can disable this warning by setting 'hibernate.javax.cache.missing_cache_strategy' to 'create'.
""2019-09-19 10:56:28 [main] WARN  org.hibernate.orm.cache - HHH90001006: Missing cache[workshop.internal.entities.Order] was created on-the-fly. The created cache will use a provider-specific default configuration: make sure you defined one. You can disable this warning by setting 'hibernate.javax.cache.missing_cache_strategy' to 'create'.
""2019-09-19 10:56:28 [main] WARN  org.hibernate.orm.cache - HHH90001006: Missing cache[workshop.internal.entities.Order.tasks] was created on-the-fly. The created cache will use a provider-specific default configuration: make sure you defined one. You can disable this warning by setting 'hibernate.javax.cache.missing_cache_strategy' to 'create'.
""2019-09-19 10:56:28 [main] WARN  org.hibernate.orm.cache - HHH90001006: Missing cache[workshop.internal.entities.Task] was created on-the-fly. The created cache will use a provider-specific default configuration: make sure you defined one. You can disable this warning by setting 'hibernate.javax.cache.missing_cache_strategy' to 'create'.
""2019-09-19 10:56:31 [main] WARN  o.s.b.a.o.j.JpaBaseConfiguration$JpaWebConfiguration$JpaWebMvcConfiguration - spring.jpa.open-in-view is enabled by default. Therefore, database queries may be performed during view rendering. Explicitly configure spring.jpa.open-in-view to disable this warning
""2019-09-19 10:56:33 [main] INFO  w.i.c.WorkshopControllerAbstractIT - Started WorkshopControllerAbstractIT in 10.416 seconds (JVM running for 12.509)
""2019-09-19 10:56:33 [main] INFO  w.i.dao.WorkshopEntitiesDaoAbstract - Authentication=employee@workshop.pro is found
""2019-09-19 10:56:33 [main] INFO  w.i.dao.WorkshopEntitiesDaoAbstract - Classifier has been persisted.
""2019-09-19 10:56:33 [main] INFO  w.i.dao.WorkshopEntitiesDaoAbstract - Authentication=employee@workshop.pro is found
""2019-09-19 10:56:33 [main] INFO  w.i.dao.WorkshopEntitiesDaoAbstract - Order has been persisted.
""2019-09-19 10:56:33 [main] INFO  w.i.dao.WorkshopEntitiesDaoAbstract - Authentication=employee@workshop.pro is found
""2019-09-19 10:56:33 [main] INFO  w.i.dao.WorkshopEntitiesDaoAbstract - Task has been persisted.
""2019-09-19 10:56:33 [main] DEBUG o.s.s.access.vote.AffirmativeBased - Voter: org.springframework.security.web.access.expression.WebExpressionVoter@51bab787, returned: 1
""2019-09-19 10:57:09 [main] INFO  w.i.c.WorkshopControllerAbstractIT - Starting WorkshopControllerAbstractIT on XIAOMI-PRO with PID 13976 (started by Sersus in C:\Users\Sersus\IdeaProjects\WORKSHOP\internal)
""2019-09-19 10:57:09 [main] INFO  w.i.c.WorkshopControllerAbstractIT - No active profile set, falling back to default profiles: default
""2019-09-19 10:57:14 [main] WARN  org.hibernate.orm.cache - HHH90001006: Missing cache[default-update-timestamps-region] was created on-the-fly. The created cache will use a provider-specific default configuration: make sure you defined one. You can disable this warning by setting 'hibernate.javax.cache.missing_cache_strategy' to 'create'.
""2019-09-19 10:57:14 [main] WARN  org.hibernate.orm.cache - HHH90001006: Missing cache[default-query-results-region] was created on-the-fly. The created cache will use a provider-specific default configuration: make sure you defined one. You can disable this warning by setting 'hibernate.javax.cache.missing_cache_strategy' to 'create'.
""2019-09-19 10:57:14 [main] WARN  org.hibernate.orm.cache - HHH90001006: Missing cache[workshop.internal.entities.Position] was created on-the-fly. The created cache will use a provider-specific default configuration: make sure you defined one. You can disable this warning by setting 'hibernate.javax.cache.missing_cache_strategy' to 'create'.
""2019-09-19 10:57:14 [main] WARN  org.hibernate.orm.cache - HHH90001006: Missing cache[workshop.internal.entities.User] was created on-the-fly. The created cache will use a provider-specific default configuration: make sure you defined one. You can disable this warning by setting 'hibernate.javax.cache.missing_cache_strategy' to 'create'.
""2019-09-19 10:57:14 [main] WARN  org.hibernate.orm.cache - HHH90001006: Missing cache[workshop.internal.entities.Task] was created on-the-fly. The created cache will use a provider-specific default configuration: make sure you defined one. You can disable this warning by setting 'hibernate.javax.cache.missing_cache_strategy' to 'create'.
""2019-09-19 10:57:14 [main] WARN  org.hibernate.orm.cache - HHH90001006: Missing cache[workshop.internal.entities.Order.tasks] was created on-the-fly. The created cache will use a provider-specific default configuration: make sure you defined one. You can disable this warning by setting 'hibernate.javax.cache.missing_cache_strategy' to 'create'.
""2019-09-19 10:57:14 [main] WARN  org.hibernate.orm.cache - HHH90001006: Missing cache[workshop.internal.entities.Phone] was created on-the-fly. The created cache will use a provider-specific default configuration: make sure you defined one. You can disable this warning by setting 'hibernate.javax.cache.missing_cache_strategy' to 'create'.
""2019-09-19 10:57:14 [main] WARN  org.hibernate.orm.cache - HHH90001006: Missing cache[workshop.internal.entities.Classifier] was created on-the-fly. The created cache will use a provider-specific default configuration: make sure you defined one. You can disable this warning by setting 'hibernate.javax.cache.missing_cache_strategy' to 'create'.
""2019-09-19 10:57:14 [main] WARN  org.hibernate.orm.cache - HHH90001006: Missing cache[workshop.internal.entities.Order] was created on-the-fly. The created cache will use a provider-specific default configuration: make sure you defined one. You can disable this warning by setting 'hibernate.javax.cache.missing_cache_strategy' to 'create'.
""2019-09-19 10:57:14 [main] WARN  org.hibernate.orm.cache - HHH90001006: Missing cache[workshop.internal.entities.User.orders] was created on-the-fly. The created cache will use a provider-specific default configuration: make sure you defined one. You can disable this warning by setting 'hibernate.javax.cache.missing_cache_strategy' to 'create'.
""2019-09-19 10:57:14 [main] WARN  org.hibernate.orm.cache - HHH90001006: Missing cache[workshop.internal.entities.Task.classifiers] was created on-the-fly. The created cache will use a provider-specific default configuration: make sure you defined one. You can disable this warning by setting 'hibernate.javax.cache.missing_cache_strategy' to 'create'.
""2019-09-19 10:57:14 [main] WARN  org.hibernate.orm.cache - HHH90001006: Missing cache[workshop.internal.entities.Employee.phones] was created on-the-fly. The created cache will use a provider-specific default configuration: make sure you defined one. You can disable this warning by setting 'hibernate.javax.cache.missing_cache_strategy' to 'create'.
""2019-09-19 10:57:14 [main] WARN  org.hibernate.orm.cache - HHH90001006: Missing cache[workshop.internal.entities.InternalAuthority] was created on-the-fly. The created cache will use a provider-specific default configuration: make sure you defined one. You can disable this warning by setting 'hibernate.javax.cache.missing_cache_strategy' to 'create'.
""2019-09-19 10:57:14 [main] WARN  org.hibernate.orm.cache - HHH90001006: Missing cache[workshop.internal.entities.Employee] was created on-the-fly. The created cache will use a provider-specific default configuration: make sure you defined one. You can disable this warning by setting 'hibernate.javax.cache.missing_cache_strategy' to 'create'.
""2019-09-19 10:57:14 [main] WARN  org.hibernate.orm.cache - HHH90001006: Missing cache[workshop.internal.entities.User.phones] was created on-the-fly. The created cache will use a provider-specific default configuration: make sure you defined one. You can disable this warning by setting 'hibernate.javax.cache.missing_cache_strategy' to 'create'.
""2019-09-19 10:57:14 [main] WARN  org.hibernate.orm.cache - HHH90001006: Missing cache[workshop.internal.entities.ExternalAuthority] was created on-the-fly. The created cache will use a provider-specific default configuration: make sure you defined one. You can disable this warning by setting 'hibernate.javax.cache.missing_cache_strategy' to 'create'.
""2019-09-19 10:57:14 [main] WARN  org.hibernate.orm.cache - HHH90001006: Missing cache[workshop.internal.entities.Position.employees] was created on-the-fly. The created cache will use a provider-specific default configuration: make sure you defined one. You can disable this warning by setting 'hibernate.javax.cache.missing_cache_strategy' to 'create'.
""2019-09-19 10:57:14 [main] WARN  org.hibernate.orm.cache - HHH90001006: Missing cache[workshop.internal.entities.User.externalAuthorities] was created on-the-fly. The created cache will use a provider-specific default configuration: make sure you defined one. You can disable this warning by setting 'hibernate.javax.cache.missing_cache_strategy' to 'create'.
""2019-09-19 10:57:14 [main] WARN  org.hibernate.orm.cache - HHH90001006: Missing cache[workshop.internal.entities.Department.positions] was created on-the-fly. The created cache will use a provider-specific default configuration: make sure you defined one. You can disable this warning by setting 'hibernate.javax.cache.missing_cache_strategy' to 'create'.
""2019-09-19 10:57:14 [main] WARN  org.hibernate.orm.cache - HHH90001006: Missing cache[workshop.internal.entities.Department] was created on-the-fly. The created cache will use a provider-specific default configuration: make sure you defined one. You can disable this warning by setting 'hibernate.javax.cache.missing_cache_strategy' to 'create'.
""2019-09-19 10:57:17 [main] WARN  o.s.b.a.o.j.JpaBaseConfiguration$JpaWebConfiguration$JpaWebMvcConfiguration - spring.jpa.open-in-view is enabled by default. Therefore, database queries may be performed during view rendering. Explicitly configure spring.jpa.open-in-view to disable this warning
""2019-09-19 10:57:20 [main] INFO  w.i.c.WorkshopControllerAbstractIT - Started WorkshopControllerAbstractIT in 10.879 seconds (JVM running for 12.558)
""2019-09-19 10:57:20 [main] INFO  w.i.dao.WorkshopEntitiesDaoAbstract - Authentication=employee@workshop.pro is found
""2019-09-19 10:57:20 [main] INFO  w.i.dao.WorkshopEntitiesDaoAbstract - Classifier has been persisted.
""2019-09-19 10:57:20 [main] INFO  w.i.dao.WorkshopEntitiesDaoAbstract - Authentication=employee@workshop.pro is found
""2019-09-19 10:57:20 [main] INFO  w.i.dao.WorkshopEntitiesDaoAbstract - Order has been persisted.
""2019-09-19 10:57:24 [main] INFO  w.i.dao.WorkshopEntitiesDaoAbstract - Authentication=employee@workshop.pro is found
""2019-09-19 10:57:24 [main] INFO  w.i.dao.WorkshopEntitiesDaoAbstract - Task has been persisted.
""2019-09-19 10:57:53 [main] DEBUG o.s.s.access.vote.AffirmativeBased - Voter: org.springframework.security.web.access.expression.WebExpressionVoter@780ccdc9, returned: 1
""2019-09-19 11:00:01 [main] INFO  w.i.c.WorkshopControllerAbstractIT - Starting WorkshopControllerAbstractIT on XIAOMI-PRO with PID 4852 (started by Sersus in C:\Users\Sersus\IdeaProjects\WORKSHOP\internal)
""2019-09-19 11:00:01 [main] INFO  w.i.c.WorkshopControllerAbstractIT - No active profile set, falling back to default profiles: default
""2019-09-19 11:00:05 [main] WARN  org.hibernate.orm.cache - HHH90001006: Missing cache[default-update-timestamps-region] was created on-the-fly. The created cache will use a provider-specific default configuration: make sure you defined one. You can disable this warning by setting 'hibernate.javax.cache.missing_cache_strategy' to 'create'.
""2019-09-19 11:00:06 [main] WARN  org.hibernate.orm.cache - HHH90001006: Missing cache[default-query-results-region] was created on-the-fly. The created cache will use a provider-specific default configuration: make sure you defined one. You can disable this warning by setting 'hibernate.javax.cache.missing_cache_strategy' to 'create'.
""2019-09-19 11:00:06 [main] WARN  org.hibernate.orm.cache - HHH90001006: Missing cache[workshop.internal.entities.User.phones] was created on-the-fly. The created cache will use a provider-specific default configuration: make sure you defined one. You can disable this warning by setting 'hibernate.javax.cache.missing_cache_strategy' to 'create'.
""2019-09-19 11:00:06 [main] WARN  org.hibernate.orm.cache - HHH90001006: Missing cache[workshop.internal.entities.Employee.phones] was created on-the-fly. The created cache will use a provider-specific default configuration: make sure you defined one. You can disable this warning by setting 'hibernate.javax.cache.missing_cache_strategy' to 'create'.
""2019-09-19 11:00:06 [main] WARN  org.hibernate.orm.cache - HHH90001006: Missing cache[workshop.internal.entities.Task] was created on-the-fly. The created cache will use a provider-specific default configuration: make sure you defined one. You can disable this warning by setting 'hibernate.javax.cache.missing_cache_strategy' to 'create'.
""2019-09-19 11:00:06 [main] WARN  org.hibernate.orm.cache - HHH90001006: Missing cache[workshop.internal.entities.User] was created on-the-fly. The created cache will use a provider-specific default configuration: make sure you defined one. You can disable this warning by setting 'hibernate.javax.cache.missing_cache_strategy' to 'create'.
""2019-09-19 11:00:06 [main] WARN  org.hibernate.orm.cache - HHH90001006: Missing cache[workshop.internal.entities.Task.classifiers] was created on-the-fly. The created cache will use a provider-specific default configuration: make sure you defined one. You can disable this warning by setting 'hibernate.javax.cache.missing_cache_strategy' to 'create'.
""2019-09-19 11:00:06 [main] WARN  org.hibernate.orm.cache - HHH90001006: Missing cache[workshop.internal.entities.Position.employees] was created on-the-fly. The created cache will use a provider-specific default configuration: make sure you defined one. You can disable this warning by setting 'hibernate.javax.cache.missing_cache_strategy' to 'create'.
""2019-09-19 11:00:06 [main] WARN  org.hibernate.orm.cache - HHH90001006: Missing cache[workshop.internal.entities.Order.tasks] was created on-the-fly. The created cache will use a provider-specific default configuration: make sure you defined one. You can disable this warning by setting 'hibernate.javax.cache.missing_cache_strategy' to 'create'.
""2019-09-19 11:00:06 [main] WARN  org.hibernate.orm.cache - HHH90001006: Missing cache[workshop.internal.entities.Order] was created on-the-fly. The created cache will use a provider-specific default configuration: make sure you defined one. You can disable this warning by setting 'hibernate.javax.cache.missing_cache_strategy' to 'create'.
""2019-09-19 11:00:06 [main] WARN  org.hibernate.orm.cache - HHH90001006: Missing cache[workshop.internal.entities.Phone] was created on-the-fly. The created cache will use a provider-specific default configuration: make sure you defined one. You can disable this warning by setting 'hibernate.javax.cache.missing_cache_strategy' to 'create'.
""2019-09-19 11:00:06 [main] WARN  org.hibernate.orm.cache - HHH90001006: Missing cache[workshop.internal.entities.Department.positions] was created on-the-fly. The created cache will use a provider-specific default configuration: make sure you defined one. You can disable this warning by setting 'hibernate.javax.cache.missing_cache_strategy' to 'create'.
""2019-09-19 11:00:06 [main] WARN  org.hibernate.orm.cache - HHH90001006: Missing cache[workshop.internal.entities.Classifier] was created on-the-fly. The created cache will use a provider-specific default configuration: make sure you defined one. You can disable this warning by setting 'hibernate.javax.cache.missing_cache_strategy' to 'create'.
""2019-09-19 11:00:06 [main] WARN  org.hibernate.orm.cache - HHH90001006: Missing cache[workshop.internal.entities.User.externalAuthorities] was created on-the-fly. The created cache will use a provider-specific default configuration: make sure you defined one. You can disable this warning by setting 'hibernate.javax.cache.missing_cache_strategy' to 'create'.
""2019-09-19 11:00:06 [main] WARN  org.hibernate.orm.cache - HHH90001006: Missing cache[workshop.internal.entities.Employee] was created on-the-fly. The created cache will use a provider-specific default configuration: make sure you defined one. You can disable this warning by setting 'hibernate.javax.cache.missing_cache_strategy' to 'create'.
""2019-09-19 11:00:06 [main] WARN  org.hibernate.orm.cache - HHH90001006: Missing cache[workshop.internal.entities.InternalAuthority] was created on-the-fly. The created cache will use a provider-specific default configuration: make sure you defined one. You can disable this warning by setting 'hibernate.javax.cache.missing_cache_strategy' to 'create'.
""2019-09-19 11:00:06 [main] WARN  org.hibernate.orm.cache - HHH90001006: Missing cache[workshop.internal.entities.Position] was created on-the-fly. The created cache will use a provider-specific default configuration: make sure you defined one. You can disable this warning by setting 'hibernate.javax.cache.missing_cache_strategy' to 'create'.
""2019-09-19 11:00:06 [main] WARN  org.hibernate.orm.cache - HHH90001006: Missing cache[workshop.internal.entities.User.orders] was created on-the-fly. The created cache will use a provider-specific default configuration: make sure you defined one. You can disable this warning by setting 'hibernate.javax.cache.missing_cache_strategy' to 'create'.
""2019-09-19 11:00:06 [main] WARN  org.hibernate.orm.cache - HHH90001006: Missing cache[workshop.internal.entities.Department] was created on-the-fly. The created cache will use a provider-specific default configuration: make sure you defined one. You can disable this warning by setting 'hibernate.javax.cache.missing_cache_strategy' to 'create'.
""2019-09-19 11:00:06 [main] WARN  org.hibernate.orm.cache - HHH90001006: Missing cache[workshop.internal.entities.ExternalAuthority] was created on-the-fly. The created cache will use a provider-specific default configuration: make sure you defined one. You can disable this warning by setting 'hibernate.javax.cache.missing_cache_strategy' to 'create'.
""2019-09-19 11:00:09 [main] WARN  o.s.b.a.o.j.JpaBaseConfiguration$JpaWebConfiguration$JpaWebMvcConfiguration - spring.jpa.open-in-view is enabled by default. Therefore, database queries may be performed during view rendering. Explicitly configure spring.jpa.open-in-view to disable this warning
""2019-09-19 11:00:11 [main] INFO  w.i.c.WorkshopControllerAbstractIT - Started WorkshopControllerAbstractIT in 10.751 seconds (JVM running for 12.534)
""2019-09-19 11:00:11 [main] INFO  w.i.dao.WorkshopEntitiesDaoAbstract - Authentication=employee@workshop.pro is found
""2019-09-19 11:00:11 [main] INFO  w.i.dao.WorkshopEntitiesDaoAbstract - Classifier has been persisted.
""2019-09-19 11:00:11 [main] INFO  w.i.dao.WorkshopEntitiesDaoAbstract - Authentication=employee@workshop.pro is found
""2019-09-19 11:00:11 [main] INFO  w.i.dao.WorkshopEntitiesDaoAbstract - Order has been persisted.
""2019-09-19 11:00:15 [main] INFO  w.i.dao.WorkshopEntitiesDaoAbstract - Authentication=employee@workshop.pro is found
""2019-09-19 11:00:15 [main] INFO  w.i.dao.WorkshopEntitiesDaoAbstract - Task has been persisted.
""2019-09-19 11:00:15 [main] DEBUG o.s.s.access.vote.AffirmativeBased - Voter: org.springframework.security.web.access.expression.WebExpressionVoter@34723cfe, returned: 1
""2019-09-19 11:01:39 [main] INFO  w.i.c.WorkshopControllerAbstractIT - Starting WorkshopControllerAbstractIT on XIAOMI-PRO with PID 4944 (started by Sersus in C:\Users\Sersus\IdeaProjects\WORKSHOP\internal)
""2019-09-19 11:01:39 [main] INFO  w.i.c.WorkshopControllerAbstractIT - No active profile set, falling back to default profiles: default
""2019-09-19 11:01:43 [main] WARN  org.hibernate.orm.cache - HHH90001006: Missing cache[default-update-timestamps-region] was created on-the-fly. The created cache will use a provider-specific default configuration: make sure you defined one. You can disable this warning by setting 'hibernate.javax.cache.missing_cache_strategy' to 'create'.
""2019-09-19 11:01:43 [main] WARN  org.hibernate.orm.cache - HHH90001006: Missing cache[default-query-results-region] was created on-the-fly. The created cache will use a provider-specific default configuration: make sure you defined one. You can disable this warning by setting 'hibernate.javax.cache.missing_cache_strategy' to 'create'.
""2019-09-19 11:01:44 [main] WARN  org.hibernate.orm.cache - HHH90001006: Missing cache[workshop.internal.entities.User] was created on-the-fly. The created cache will use a provider-specific default configuration: make sure you defined one. You can disable this warning by setting 'hibernate.javax.cache.missing_cache_strategy' to 'create'.
""2019-09-19 11:01:44 [main] WARN  org.hibernate.orm.cache - HHH90001006: Missing cache[workshop.internal.entities.Order.tasks] was created on-the-fly. The created cache will use a provider-specific default configuration: make sure you defined one. You can disable this warning by setting 'hibernate.javax.cache.missing_cache_strategy' to 'create'.
""2019-09-19 11:01:44 [main] WARN  org.hibernate.orm.cache - HHH90001006: Missing cache[workshop.internal.entities.Position] was created on-the-fly. The created cache will use a provider-specific default configuration: make sure you defined one. You can disable this warning by setting 'hibernate.javax.cache.missing_cache_strategy' to 'create'.
""2019-09-19 11:01:44 [main] WARN  org.hibernate.orm.cache - HHH90001006: Missing cache[workshop.internal.entities.User.phones] was created on-the-fly. The created cache will use a provider-specific default configuration: make sure you defined one. You can disable this warning by setting 'hibernate.javax.cache.missing_cache_strategy' to 'create'.
""2019-09-19 11:01:44 [main] WARN  org.hibernate.orm.cache - HHH90001006: Missing cache[workshop.internal.entities.User.externalAuthorities] was created on-the-fly. The created cache will use a provider-specific default configuration: make sure you defined one. You can disable this warning by setting 'hibernate.javax.cache.missing_cache_strategy' to 'create'.
""2019-09-19 11:01:44 [main] WARN  org.hibernate.orm.cache - HHH90001006: Missing cache[workshop.internal.entities.Employee] was created on-the-fly. The created cache will use a provider-specific default configuration: make sure you defined one. You can disable this warning by setting 'hibernate.javax.cache.missing_cache_strategy' to 'create'.
""2019-09-19 11:01:44 [main] WARN  org.hibernate.orm.cache - HHH90001006: Missing cache[workshop.internal.entities.Position.employees] was created on-the-fly. The created cache will use a provider-specific default configuration: make sure you defined one. You can disable this warning by setting 'hibernate.javax.cache.missing_cache_strategy' to 'create'.
""2019-09-19 11:01:44 [main] WARN  org.hibernate.orm.cache - HHH90001006: Missing cache[workshop.internal.entities.User.orders] was created on-the-fly. The created cache will use a provider-specific default configuration: make sure you defined one. You can disable this warning by setting 'hibernate.javax.cache.missing_cache_strategy' to 'create'.
""2019-09-19 11:01:44 [main] WARN  org.hibernate.orm.cache - HHH90001006: Missing cache[workshop.internal.entities.Department] was created on-the-fly. The created cache will use a provider-specific default configuration: make sure you defined one. You can disable this warning by setting 'hibernate.javax.cache.missing_cache_strategy' to 'create'.
""2019-09-19 11:01:44 [main] WARN  org.hibernate.orm.cache - HHH90001006: Missing cache[workshop.internal.entities.ExternalAuthority] was created on-the-fly. The created cache will use a provider-specific default configuration: make sure you defined one. You can disable this warning by setting 'hibernate.javax.cache.missing_cache_strategy' to 'create'.
""2019-09-19 11:01:44 [main] WARN  org.hibernate.orm.cache - HHH90001006: Missing cache[workshop.internal.entities.Phone] was created on-the-fly. The created cache will use a provider-specific default configuration: make sure you defined one. You can disable this warning by setting 'hibernate.javax.cache.missing_cache_strategy' to 'create'.
""2019-09-19 11:01:44 [main] WARN  org.hibernate.orm.cache - HHH90001006: Missing cache[workshop.internal.entities.Order] was created on-the-fly. The created cache will use a provider-specific default configuration: make sure you defined one. You can disable this warning by setting 'hibernate.javax.cache.missing_cache_strategy' to 'create'.
""2019-09-19 11:01:44 [main] WARN  org.hibernate.orm.cache - HHH90001006: Missing cache[workshop.internal.entities.Department.positions] was created on-the-fly. The created cache will use a provider-specific default configuration: make sure you defined one. You can disable this warning by setting 'hibernate.javax.cache.missing_cache_strategy' to 'create'.
""2019-09-19 11:01:44 [main] WARN  org.hibernate.orm.cache - HHH90001006: Missing cache[workshop.internal.entities.Classifier] was created on-the-fly. The created cache will use a provider-specific default configuration: make sure you defined one. You can disable this warning by setting 'hibernate.javax.cache.missing_cache_strategy' to 'create'.
""2019-09-19 11:01:44 [main] WARN  org.hibernate.orm.cache - HHH90001006: Missing cache[workshop.internal.entities.Task] was created on-the-fly. The created cache will use a provider-specific default configuration: make sure you defined one. You can disable this warning by setting 'hibernate.javax.cache.missing_cache_strategy' to 'create'.
""2019-09-19 11:01:44 [main] WARN  org.hibernate.orm.cache - HHH90001006: Missing cache[workshop.internal.entities.Employee.phones] was created on-the-fly. The created cache will use a provider-specific default configuration: make sure you defined one. You can disable this warning by setting 'hibernate.javax.cache.missing_cache_strategy' to 'create'.
""2019-09-19 11:01:44 [main] WARN  org.hibernate.orm.cache - HHH90001006: Missing cache[workshop.internal.entities.InternalAuthority] was created on-the-fly. The created cache will use a provider-specific default configuration: make sure you defined one. You can disable this warning by setting 'hibernate.javax.cache.missing_cache_strategy' to 'create'.
""2019-09-19 11:01:44 [main] WARN  org.hibernate.orm.cache - HHH90001006: Missing cache[workshop.internal.entities.Task.classifiers] was created on-the-fly. The created cache will use a provider-specific default configuration: make sure you defined one. You can disable this warning by setting 'hibernate.javax.cache.missing_cache_strategy' to 'create'.
""2019-09-19 11:01:46 [main] WARN  o.s.b.a.o.j.JpaBaseConfiguration$JpaWebConfiguration$JpaWebMvcConfiguration - spring.jpa.open-in-view is enabled by default. Therefore, database queries may be performed during view rendering. Explicitly configure spring.jpa.open-in-view to disable this warning
""2019-09-19 11:01:48 [main] INFO  w.i.c.WorkshopControllerAbstractIT - Started WorkshopControllerAbstractIT in 9.235 seconds (JVM running for 10.676)
""2019-09-19 11:01:48 [main] INFO  w.i.dao.WorkshopEntitiesDaoAbstract - Department has been persisted.
""2019-09-19 11:01:48 [main] DEBUG o.s.s.access.vote.AffirmativeBased - Voter: org.springframework.security.web.access.expression.WebExpressionVoter@35a81281, returned: 1
""2019-09-19 11:20:45 [main] INFO  w.i.c.WorkshopControllerAbstractIT - Starting WorkshopControllerAbstractIT on XIAOMI-PRO with PID 8012 (started by Sersus in C:\Users\Sersus\IdeaProjects\WORKSHOP\internal)
""2019-09-19 11:20:45 [main] INFO  w.i.c.WorkshopControllerAbstractIT - No active profile set, falling back to default profiles: default
""2019-09-19 11:20:49 [main] WARN  org.hibernate.orm.cache - HHH90001006: Missing cache[default-update-timestamps-region] was created on-the-fly. The created cache will use a provider-specific default configuration: make sure you defined one. You can disable this warning by setting 'hibernate.javax.cache.missing_cache_strategy' to 'create'.
""2019-09-19 11:20:49 [main] WARN  org.hibernate.orm.cache - HHH90001006: Missing cache[default-query-results-region] was created on-the-fly. The created cache will use a provider-specific default configuration: make sure you defined one. You can disable this warning by setting 'hibernate.javax.cache.missing_cache_strategy' to 'create'.
""2019-09-19 11:20:50 [main] WARN  org.hibernate.orm.cache - HHH90001006: Missing cache[workshop.internal.entities.Department.positions] was created on-the-fly. The created cache will use a provider-specific default configuration: make sure you defined one. You can disable this warning by setting 'hibernate.javax.cache.missing_cache_strategy' to 'create'.
""2019-09-19 11:20:50 [main] WARN  org.hibernate.orm.cache - HHH90001006: Missing cache[workshop.internal.entities.Position.employees] was created on-the-fly. The created cache will use a provider-specific default configuration: make sure you defined one. You can disable this warning by setting 'hibernate.javax.cache.missing_cache_strategy' to 'create'.
""2019-09-19 11:20:50 [main] WARN  org.hibernate.orm.cache - HHH90001006: Missing cache[workshop.internal.entities.Phone] was created on-the-fly. The created cache will use a provider-specific default configuration: make sure you defined one. You can disable this warning by setting 'hibernate.javax.cache.missing_cache_strategy' to 'create'.
""2019-09-19 11:20:50 [main] WARN  org.hibernate.orm.cache - HHH90001006: Missing cache[workshop.internal.entities.Task] was created on-the-fly. The created cache will use a provider-specific default configuration: make sure you defined one. You can disable this warning by setting 'hibernate.javax.cache.missing_cache_strategy' to 'create'.
""2019-09-19 11:20:50 [main] WARN  org.hibernate.orm.cache - HHH90001006: Missing cache[workshop.internal.entities.Order.tasks] was created on-the-fly. The created cache will use a provider-specific default configuration: make sure you defined one. You can disable this warning by setting 'hibernate.javax.cache.missing_cache_strategy' to 'create'.
""2019-09-19 11:20:50 [main] WARN  org.hibernate.orm.cache - HHH90001006: Missing cache[workshop.internal.entities.User.phones] was created on-the-fly. The created cache will use a provider-specific default configuration: make sure you defined one. You can disable this warning by setting 'hibernate.javax.cache.missing_cache_strategy' to 'create'.
""2019-09-19 11:20:50 [main] WARN  org.hibernate.orm.cache - HHH90001006: Missing cache[workshop.internal.entities.User] was created on-the-fly. The created cache will use a provider-specific default configuration: make sure you defined one. You can disable this warning by setting 'hibernate.javax.cache.missing_cache_strategy' to 'create'.
""2019-09-19 11:20:50 [main] WARN  org.hibernate.orm.cache - HHH90001006: Missing cache[workshop.internal.entities.Employee] was created on-the-fly. The created cache will use a provider-specific default configuration: make sure you defined one. You can disable this warning by setting 'hibernate.javax.cache.missing_cache_strategy' to 'create'.
""2019-09-19 11:20:50 [main] WARN  org.hibernate.orm.cache - HHH90001006: Missing cache[workshop.internal.entities.Task.classifiers] was created on-the-fly. The created cache will use a provider-specific default configuration: make sure you defined one. You can disable this warning by setting 'hibernate.javax.cache.missing_cache_strategy' to 'create'.
""2019-09-19 11:20:50 [main] WARN  org.hibernate.orm.cache - HHH90001006: Missing cache[workshop.internal.entities.User.orders] was created on-the-fly. The created cache will use a provider-specific default configuration: make sure you defined one. You can disable this warning by setting 'hibernate.javax.cache.missing_cache_strategy' to 'create'.
""2019-09-19 11:20:50 [main] WARN  org.hibernate.orm.cache - HHH90001006: Missing cache[workshop.internal.entities.InternalAuthority] was created on-the-fly. The created cache will use a provider-specific default configuration: make sure you defined one. You can disable this warning by setting 'hibernate.javax.cache.missing_cache_strategy' to 'create'.
""2019-09-19 11:20:50 [main] WARN  org.hibernate.orm.cache - HHH90001006: Missing cache[workshop.internal.entities.Order] was created on-the-fly. The created cache will use a provider-specific default configuration: make sure you defined one. You can disable this warning by setting 'hibernate.javax.cache.missing_cache_strategy' to 'create'.
""2019-09-19 11:20:50 [main] WARN  org.hibernate.orm.cache - HHH90001006: Missing cache[workshop.internal.entities.Department] was created on-the-fly. The created cache will use a provider-specific default configuration: make sure you defined one. You can disable this warning by setting 'hibernate.javax.cache.missing_cache_strategy' to 'create'.
""2019-09-19 11:20:50 [main] WARN  org.hibernate.orm.cache - HHH90001006: Missing cache[workshop.internal.entities.Employee.phones] was created on-the-fly. The created cache will use a provider-specific default configuration: make sure you defined one. You can disable this warning by setting 'hibernate.javax.cache.missing_cache_strategy' to 'create'.
""2019-09-19 11:20:50 [main] WARN  org.hibernate.orm.cache - HHH90001006: Missing cache[workshop.internal.entities.Classifier] was created on-the-fly. The created cache will use a provider-specific default configuration: make sure you defined one. You can disable this warning by setting 'hibernate.javax.cache.missing_cache_strategy' to 'create'.
""2019-09-19 11:20:50 [main] WARN  org.hibernate.orm.cache - HHH90001006: Missing cache[workshop.internal.entities.ExternalAuthority] was created on-the-fly. The created cache will use a provider-specific default configuration: make sure you defined one. You can disable this warning by setting 'hibernate.javax.cache.missing_cache_strategy' to 'create'.
""2019-09-19 11:20:50 [main] WARN  org.hibernate.orm.cache - HHH90001006: Missing cache[workshop.internal.entities.Position] was created on-the-fly. The created cache will use a provider-specific default configuration: make sure you defined one. You can disable this warning by setting 'hibernate.javax.cache.missing_cache_strategy' to 'create'.
""2019-09-19 11:20:50 [main] WARN  org.hibernate.orm.cache - HHH90001006: Missing cache[workshop.internal.entities.User.externalAuthorities] was created on-the-fly. The created cache will use a provider-specific default configuration: make sure you defined one. You can disable this warning by setting 'hibernate.javax.cache.missing_cache_strategy' to 'create'.
""2019-09-19 11:20:52 [main] WARN  o.s.b.a.o.j.JpaBaseConfiguration$JpaWebConfiguration$JpaWebMvcConfiguration - spring.jpa.open-in-view is enabled by default. Therefore, database queries may be performed during view rendering. Explicitly configure spring.jpa.open-in-view to disable this warning
""2019-09-19 11:20:54 [main] INFO  w.i.c.WorkshopControllerAbstractIT - Started WorkshopControllerAbstractIT in 9.295 seconds (JVM running for 10.688)
""2019-09-19 11:20:54 [main] INFO  w.i.dao.WorkshopEntitiesDaoAbstract - Department has been persisted.
""2019-09-19 11:20:54 [main] DEBUG o.s.s.access.vote.AffirmativeBased - Voter: org.springframework.security.web.access.expression.WebExpressionVoter@69542112, returned: 1
"