"2019-08-17 15:34:28 [restartedMain] INFO  internal.InternalApplication - Starting InternalApplication on XAOMI-AIR with PID 3036 (C:\Users\Sersus\IdeaProjects\WORKSHOP\internalREST\target\classes started by Sersus in C:\Users\Sersus\IdeaProjects\WORKSHOP)
""2019-08-17 15:34:29 [restartedMain] INFO  internal.InternalApplication - No active profile set, falling back to default profiles: default
""2019-08-17 15:34:33 [restartedMain] WARN  org.hibernate.orm.cache - HHH90001006: Missing cache[default-update-timestamps-region] was created on-the-fly. The created cache will use a provider-specific default configuration: make sure you defined one. You can disable this warning by setting 'hibernate.javax.cache.missing_cache_strategy' to 'create'.
""2019-08-17 15:34:34 [restartedMain] WARN  org.hibernate.orm.cache - HHH90001006: Missing cache[default-query-results-region] was created on-the-fly. The created cache will use a provider-specific default configuration: make sure you defined one. You can disable this warning by setting 'hibernate.javax.cache.missing_cache_strategy' to 'create'.
""2019-08-17 15:34:34 [restartedMain] WARN  org.hibernate.orm.cache - HHH90001006: Missing cache[internal.entities.User] was created on-the-fly. The created cache will use a provider-specific default configuration: make sure you defined one. You can disable this warning by setting 'hibernate.javax.cache.missing_cache_strategy' to 'create'.
""2019-08-17 15:34:34 [restartedMain] WARN  org.hibernate.orm.cache - HHH90001006: Missing cache[internal.entities.WorkshopGrantedAuthority] was created on-the-fly. The created cache will use a provider-specific default configuration: make sure you defined one. You can disable this warning by setting 'hibernate.javax.cache.missing_cache_strategy' to 'create'.
""2019-08-17 15:34:34 [restartedMain] WARN  org.hibernate.orm.cache - HHH90001006: Missing cache[internal.entities.Task.classifiers] was created on-the-fly. The created cache will use a provider-specific default configuration: make sure you defined one. You can disable this warning by setting 'hibernate.javax.cache.missing_cache_strategy' to 'create'.
""2019-08-17 15:34:34 [restartedMain] WARN  org.hibernate.orm.cache - HHH90001006: Missing cache[internal.entities.Department] was created on-the-fly. The created cache will use a provider-specific default configuration: make sure you defined one. You can disable this warning by setting 'hibernate.javax.cache.missing_cache_strategy' to 'create'.
""2019-08-17 15:34:34 [restartedMain] WARN  org.hibernate.orm.cache - HHH90001006: Missing cache[internal.entities.Employee.phones] was created on-the-fly. The created cache will use a provider-specific default configuration: make sure you defined one. You can disable this warning by setting 'hibernate.javax.cache.missing_cache_strategy' to 'create'.
""2019-08-17 15:34:34 [restartedMain] WARN  org.hibernate.orm.cache - HHH90001006: Missing cache[internal.entities.User.phones] was created on-the-fly. The created cache will use a provider-specific default configuration: make sure you defined one. You can disable this warning by setting 'hibernate.javax.cache.missing_cache_strategy' to 'create'.
""2019-08-17 15:34:34 [restartedMain] WARN  org.hibernate.orm.cache - HHH90001006: Missing cache[internal.entities.Task] was created on-the-fly. The created cache will use a provider-specific default configuration: make sure you defined one. You can disable this warning by setting 'hibernate.javax.cache.missing_cache_strategy' to 'create'.
""2019-08-17 15:34:34 [restartedMain] WARN  org.hibernate.orm.cache - HHH90001006: Missing cache[internal.entities.User.orders] was created on-the-fly. The created cache will use a provider-specific default configuration: make sure you defined one. You can disable this warning by setting 'hibernate.javax.cache.missing_cache_strategy' to 'create'.
""2019-08-17 15:34:34 [restartedMain] WARN  org.hibernate.orm.cache - HHH90001006: Missing cache[internal.entities.User.grantedAuthorities] was created on-the-fly. The created cache will use a provider-specific default configuration: make sure you defined one. You can disable this warning by setting 'hibernate.javax.cache.missing_cache_strategy' to 'create'.
""2019-08-17 15:34:34 [restartedMain] WARN  org.hibernate.orm.cache - HHH90001006: Missing cache[internal.entities.Position] was created on-the-fly. The created cache will use a provider-specific default configuration: make sure you defined one. You can disable this warning by setting 'hibernate.javax.cache.missing_cache_strategy' to 'create'.
""2019-08-17 15:34:34 [restartedMain] WARN  org.hibernate.orm.cache - HHH90001006: Missing cache[internal.entities.Employee] was created on-the-fly. The created cache will use a provider-specific default configuration: make sure you defined one. You can disable this warning by setting 'hibernate.javax.cache.missing_cache_strategy' to 'create'.
""2019-08-17 15:34:34 [restartedMain] WARN  org.hibernate.orm.cache - HHH90001006: Missing cache[internal.entities.Department.positions] was created on-the-fly. The created cache will use a provider-specific default configuration: make sure you defined one. You can disable this warning by setting 'hibernate.javax.cache.missing_cache_strategy' to 'create'.
""2019-08-17 15:34:34 [restartedMain] WARN  org.hibernate.orm.cache - HHH90001006: Missing cache[internal.entities.Classifier] was created on-the-fly. The created cache will use a provider-specific default configuration: make sure you defined one. You can disable this warning by setting 'hibernate.javax.cache.missing_cache_strategy' to 'create'.
""2019-08-17 15:34:34 [restartedMain] WARN  org.hibernate.orm.cache - HHH90001006: Missing cache[internal.entities.Order.tasks] was created on-the-fly. The created cache will use a provider-specific default configuration: make sure you defined one. You can disable this warning by setting 'hibernate.javax.cache.missing_cache_strategy' to 'create'.
""2019-08-17 15:34:34 [restartedMain] WARN  org.hibernate.orm.cache - HHH90001006: Missing cache[internal.entities.Order] was created on-the-fly. The created cache will use a provider-specific default configuration: make sure you defined one. You can disable this warning by setting 'hibernate.javax.cache.missing_cache_strategy' to 'create'.
""2019-08-17 15:34:34 [restartedMain] WARN  org.hibernate.orm.cache - HHH90001006: Missing cache[internal.entities.Position.employees] was created on-the-fly. The created cache will use a provider-specific default configuration: make sure you defined one. You can disable this warning by setting 'hibernate.javax.cache.missing_cache_strategy' to 'create'.
""2019-08-17 15:34:34 [restartedMain] WARN  org.hibernate.orm.cache - HHH90001006: Missing cache[internal.entities.Phone] was created on-the-fly. The created cache will use a provider-specific default configuration: make sure you defined one. You can disable this warning by setting 'hibernate.javax.cache.missing_cache_strategy' to 'create'.
""2019-08-17 15:34:36 [restartedMain] WARN  o.s.b.a.o.j.JpaBaseConfiguration$JpaWebConfiguration$JpaWebMvcConfiguration - spring.jpa.open-in-view is enabled by default. Therefore, database queries may be performed during view rendering. Explicitly configure spring.jpa.open-in-view to disable this warning
""2019-08-17 15:34:36 [restartedMain] INFO  internal.InternalApplication - Started InternalApplication in 8.935 seconds (JVM running for 11.355)
""2019-08-17 16:40:57 [restartedMain] INFO  internal.InternalApplication - Starting InternalApplication on XAOMI-AIR with PID 10148 (C:\Users\Sersus\IdeaProjects\WORKSHOP\internalREST\target\classes started by Sersus in C:\Users\Sersus\IdeaProjects\WORKSHOP)
""2019-08-17 16:40:57 [restartedMain] INFO  internal.InternalApplication - No active profile set, falling back to default profiles: default
""2019-08-17 16:41:04 [restartedMain] WARN  org.hibernate.orm.cache - HHH90001006: Missing cache[default-update-timestamps-region] was created on-the-fly. The created cache will use a provider-specific default configuration: make sure you defined one. You can disable this warning by setting 'hibernate.javax.cache.missing_cache_strategy' to 'create'.
""2019-08-17 16:41:04 [restartedMain] WARN  org.hibernate.orm.cache - HHH90001006: Missing cache[default-query-results-region] was created on-the-fly. The created cache will use a provider-specific default configuration: make sure you defined one. You can disable this warning by setting 'hibernate.javax.cache.missing_cache_strategy' to 'create'.
""2019-08-17 16:41:04 [restartedMain] WARN  org.hibernate.orm.cache - HHH90001006: Missing cache[internal.entities.Employee] was created on-the-fly. The created cache will use a provider-specific default configuration: make sure you defined one. You can disable this warning by setting 'hibernate.javax.cache.missing_cache_strategy' to 'create'.
""2019-08-17 16:41:04 [restartedMain] WARN  org.hibernate.orm.cache - HHH90001006: Missing cache[internal.entities.Position.employees] was created on-the-fly. The created cache will use a provider-specific default configuration: make sure you defined one. You can disable this warning by setting 'hibernate.javax.cache.missing_cache_strategy' to 'create'.
""2019-08-17 16:41:04 [restartedMain] WARN  org.hibernate.orm.cache - HHH90001006: Missing cache[internal.entities.Department.positions] was created on-the-fly. The created cache will use a provider-specific default configuration: make sure you defined one. You can disable this warning by setting 'hibernate.javax.cache.missing_cache_strategy' to 'create'.
""2019-08-17 16:41:04 [restartedMain] WARN  org.hibernate.orm.cache - HHH90001006: Missing cache[internal.entities.Task] was created on-the-fly. The created cache will use a provider-specific default configuration: make sure you defined one. You can disable this warning by setting 'hibernate.javax.cache.missing_cache_strategy' to 'create'.
""2019-08-17 16:41:04 [restartedMain] WARN  org.hibernate.orm.cache - HHH90001006: Missing cache[internal.entities.Employee.phones] was created on-the-fly. The created cache will use a provider-specific default configuration: make sure you defined one. You can disable this warning by setting 'hibernate.javax.cache.missing_cache_strategy' to 'create'.
""2019-08-17 16:41:04 [restartedMain] WARN  org.hibernate.orm.cache - HHH90001006: Missing cache[internal.entities.User.phones] was created on-the-fly. The created cache will use a provider-specific default configuration: make sure you defined one. You can disable this warning by setting 'hibernate.javax.cache.missing_cache_strategy' to 'create'.
""2019-08-17 16:41:04 [restartedMain] WARN  org.hibernate.orm.cache - HHH90001006: Missing cache[internal.entities.Order.tasks] was created on-the-fly. The created cache will use a provider-specific default configuration: make sure you defined one. You can disable this warning by setting 'hibernate.javax.cache.missing_cache_strategy' to 'create'.
""2019-08-17 16:41:04 [restartedMain] WARN  org.hibernate.orm.cache - HHH90001006: Missing cache[internal.entities.User] was created on-the-fly. The created cache will use a provider-specific default configuration: make sure you defined one. You can disable this warning by setting 'hibernate.javax.cache.missing_cache_strategy' to 'create'.
""2019-08-17 16:41:04 [restartedMain] WARN  org.hibernate.orm.cache - HHH90001006: Missing cache[internal.entities.Order] was created on-the-fly. The created cache will use a provider-specific default configuration: make sure you defined one. You can disable this warning by setting 'hibernate.javax.cache.missing_cache_strategy' to 'create'.
""2019-08-17 16:41:04 [restartedMain] WARN  org.hibernate.orm.cache - HHH90001006: Missing cache[internal.entities.Task.classifiers] was created on-the-fly. The created cache will use a provider-specific default configuration: make sure you defined one. You can disable this warning by setting 'hibernate.javax.cache.missing_cache_strategy' to 'create'.
""2019-08-17 16:41:04 [restartedMain] WARN  org.hibernate.orm.cache - HHH90001006: Missing cache[internal.entities.User.orders] was created on-the-fly. The created cache will use a provider-specific default configuration: make sure you defined one. You can disable this warning by setting 'hibernate.javax.cache.missing_cache_strategy' to 'create'.
""2019-08-17 16:41:04 [restartedMain] WARN  org.hibernate.orm.cache - HHH90001006: Missing cache[internal.entities.Classifier] was created on-the-fly. The created cache will use a provider-specific default configuration: make sure you defined one. You can disable this warning by setting 'hibernate.javax.cache.missing_cache_strategy' to 'create'.
""2019-08-17 16:41:04 [restartedMain] WARN  org.hibernate.orm.cache - HHH90001006: Missing cache[internal.entities.Position] was created on-the-fly. The created cache will use a provider-specific default configuration: make sure you defined one. You can disable this warning by setting 'hibernate.javax.cache.missing_cache_strategy' to 'create'.
""2019-08-17 16:41:04 [restartedMain] WARN  org.hibernate.orm.cache - HHH90001006: Missing cache[internal.entities.WorkshopGrantedAuthority] was created on-the-fly. The created cache will use a provider-specific default configuration: make sure you defined one. You can disable this warning by setting 'hibernate.javax.cache.missing_cache_strategy' to 'create'.
""2019-08-17 16:41:04 [restartedMain] WARN  org.hibernate.orm.cache - HHH90001006: Missing cache[internal.entities.User.grantedAuthorities] was created on-the-fly. The created cache will use a provider-specific default configuration: make sure you defined one. You can disable this warning by setting 'hibernate.javax.cache.missing_cache_strategy' to 'create'.
""2019-08-17 16:41:04 [restartedMain] WARN  org.hibernate.orm.cache - HHH90001006: Missing cache[internal.entities.Phone] was created on-the-fly. The created cache will use a provider-specific default configuration: make sure you defined one. You can disable this warning by setting 'hibernate.javax.cache.missing_cache_strategy' to 'create'.
""2019-08-17 16:41:05 [restartedMain] WARN  org.hibernate.orm.cache - HHH90001006: Missing cache[internal.entities.Department] was created on-the-fly. The created cache will use a provider-specific default configuration: make sure you defined one. You can disable this warning by setting 'hibernate.javax.cache.missing_cache_strategy' to 'create'.
""2019-08-17 16:41:07 [restartedMain] WARN  o.s.b.a.o.j.JpaBaseConfiguration$JpaWebConfiguration$JpaWebMvcConfiguration - spring.jpa.open-in-view is enabled by default. Therefore, database queries may be performed during view rendering. Explicitly configure spring.jpa.open-in-view to disable this warning
""2019-08-17 16:41:08 [restartedMain] INFO  internal.InternalApplication - Started InternalApplication in 12.871 seconds (JVM running for 14.628)
""2019-08-17 16:53:29 [restartedMain] INFO  internal.InternalApplication - Starting InternalApplication on XAOMI-AIR with PID 10148 (C:\Users\Sersus\IdeaProjects\WORKSHOP\internalREST\target\classes started by Sersus in C:\Users\Sersus\IdeaProjects\WORKSHOP)
""2019-08-17 16:53:29 [restartedMain] INFO  internal.InternalApplication - No active profile set, falling back to default profiles: default
""2019-08-17 16:53:32 [restartedMain] WARN  org.hibernate.orm.cache - HHH90001006: Missing cache[default-update-timestamps-region] was created on-the-fly. The created cache will use a provider-specific default configuration: make sure you defined one. You can disable this warning by setting 'hibernate.javax.cache.missing_cache_strategy' to 'create'.
""2019-08-17 16:53:32 [restartedMain] WARN  org.hibernate.orm.cache - HHH90001006: Missing cache[default-query-results-region] was created on-the-fly. The created cache will use a provider-specific default configuration: make sure you defined one. You can disable this warning by setting 'hibernate.javax.cache.missing_cache_strategy' to 'create'.
""2019-08-17 16:53:32 [restartedMain] WARN  org.hibernate.orm.cache - HHH90001006: Missing cache[internal.entities.Order] was created on-the-fly. The created cache will use a provider-specific default configuration: make sure you defined one. You can disable this warning by setting 'hibernate.javax.cache.missing_cache_strategy' to 'create'.
""2019-08-17 16:53:32 [restartedMain] WARN  org.hibernate.orm.cache - HHH90001006: Missing cache[internal.entities.Position] was created on-the-fly. The created cache will use a provider-specific default configuration: make sure you defined one. You can disable this warning by setting 'hibernate.javax.cache.missing_cache_strategy' to 'create'.
""2019-08-17 16:53:32 [restartedMain] WARN  org.hibernate.orm.cache - HHH90001006: Missing cache[internal.entities.Task] was created on-the-fly. The created cache will use a provider-specific default configuration: make sure you defined one. You can disable this warning by setting 'hibernate.javax.cache.missing_cache_strategy' to 'create'.
""2019-08-17 16:53:32 [restartedMain] WARN  org.hibernate.orm.cache - HHH90001006: Missing cache[internal.entities.User.orders] was created on-the-fly. The created cache will use a provider-specific default configuration: make sure you defined one. You can disable this warning by setting 'hibernate.javax.cache.missing_cache_strategy' to 'create'.
""2019-08-17 16:53:32 [restartedMain] WARN  org.hibernate.orm.cache - HHH90001006: Missing cache[internal.entities.Employee.phones] was created on-the-fly. The created cache will use a provider-specific default configuration: make sure you defined one. You can disable this warning by setting 'hibernate.javax.cache.missing_cache_strategy' to 'create'.
""2019-08-17 16:53:32 [restartedMain] WARN  org.hibernate.orm.cache - HHH90001006: Missing cache[internal.entities.Position.employees] was created on-the-fly. The created cache will use a provider-specific default configuration: make sure you defined one. You can disable this warning by setting 'hibernate.javax.cache.missing_cache_strategy' to 'create'.
""2019-08-17 16:53:32 [restartedMain] WARN  org.hibernate.orm.cache - HHH90001006: Missing cache[internal.entities.Classifier] was created on-the-fly. The created cache will use a provider-specific default configuration: make sure you defined one. You can disable this warning by setting 'hibernate.javax.cache.missing_cache_strategy' to 'create'.
""2019-08-17 16:53:32 [restartedMain] WARN  org.hibernate.orm.cache - HHH90001006: Missing cache[internal.entities.Employee] was created on-the-fly. The created cache will use a provider-specific default configuration: make sure you defined one. You can disable this warning by setting 'hibernate.javax.cache.missing_cache_strategy' to 'create'.
""2019-08-17 16:53:32 [restartedMain] WARN  org.hibernate.orm.cache - HHH90001006: Missing cache[internal.entities.Department.positions] was created on-the-fly. The created cache will use a provider-specific default configuration: make sure you defined one. You can disable this warning by setting 'hibernate.javax.cache.missing_cache_strategy' to 'create'.
""2019-08-17 16:53:32 [restartedMain] WARN  org.hibernate.orm.cache - HHH90001006: Missing cache[internal.entities.WorkshopGrantedAuthority] was created on-the-fly. The created cache will use a provider-specific default configuration: make sure you defined one. You can disable this warning by setting 'hibernate.javax.cache.missing_cache_strategy' to 'create'.
""2019-08-17 16:53:32 [restartedMain] WARN  org.hibernate.orm.cache - HHH90001006: Missing cache[internal.entities.User.phones] was created on-the-fly. The created cache will use a provider-specific default configuration: make sure you defined one. You can disable this warning by setting 'hibernate.javax.cache.missing_cache_strategy' to 'create'.
""2019-08-17 16:53:32 [restartedMain] WARN  org.hibernate.orm.cache - HHH90001006: Missing cache[internal.entities.Task.classifiers] was created on-the-fly. The created cache will use a provider-specific default configuration: make sure you defined one. You can disable this warning by setting 'hibernate.javax.cache.missing_cache_strategy' to 'create'.
""2019-08-17 16:53:32 [restartedMain] WARN  org.hibernate.orm.cache - HHH90001006: Missing cache[internal.entities.Order.tasks] was created on-the-fly. The created cache will use a provider-specific default configuration: make sure you defined one. You can disable this warning by setting 'hibernate.javax.cache.missing_cache_strategy' to 'create'.
""2019-08-17 16:53:33 [restartedMain] WARN  org.hibernate.orm.cache - HHH90001006: Missing cache[internal.entities.User] was created on-the-fly. The created cache will use a provider-specific default configuration: make sure you defined one. You can disable this warning by setting 'hibernate.javax.cache.missing_cache_strategy' to 'create'.
""2019-08-17 16:53:33 [restartedMain] WARN  org.hibernate.orm.cache - HHH90001006: Missing cache[internal.entities.Department] was created on-the-fly. The created cache will use a provider-specific default configuration: make sure you defined one. You can disable this warning by setting 'hibernate.javax.cache.missing_cache_strategy' to 'create'.
""2019-08-17 16:53:33 [restartedMain] WARN  org.hibernate.orm.cache - HHH90001006: Missing cache[internal.entities.User.grantedAuthorities] was created on-the-fly. The created cache will use a provider-specific default configuration: make sure you defined one. You can disable this warning by setting 'hibernate.javax.cache.missing_cache_strategy' to 'create'.
""2019-08-17 16:53:33 [restartedMain] WARN  org.hibernate.orm.cache - HHH90001006: Missing cache[internal.entities.Phone] was created on-the-fly. The created cache will use a provider-specific default configuration: make sure you defined one. You can disable this warning by setting 'hibernate.javax.cache.missing_cache_strategy' to 'create'.
""2019-08-17 16:53:34 [restartedMain] WARN  o.s.b.w.s.c.AnnotationConfigServletWebServerApplicationContext - Exception encountered during context initialization - cancelling refresh attempt: org.springframework.beans.factory.UnsatisfiedDependencyException: Error creating bean with name 'departmentsController': Unsatisfied dependency expressed through field 'positionsService'; nested exception is org.springframework.beans.factory.BeanCreationException: Error creating bean with name 'positionsService': Resolution of declared constructors on bean Class [internal.services.PositionsService] from ClassLoader [org.springframework.boot.devtools.restart.classloader.RestartClassLoader@330f2cc7] failed; nested exception is java.lang.NoClassDefFoundError: internal/dao/PositionsDao
""2019-08-17 16:53:34 [restartedMain] ERROR o.s.boot.SpringApplication - Application run failed
"org.springframework.beans.factory.UnsatisfiedDependencyException: Error creating bean with name 'departmentsController': Unsatisfied dependency expressed through field 'positionsService'; nested exception is org.springframework.beans.factory.BeanCreationException: Error creating bean with name 'positionsService': Resolution of declared constructors on bean Class [internal.services.PositionsService] from ClassLoader [org.springframework.boot.devtools.restart.classloader.RestartClassLoader@330f2cc7] failed; nested exception is java.lang.NoClassDefFoundError: internal/dao/PositionsDao
	at org.springframework.beans.factory.annotation.AutowiredAnnotationBeanPostProcessor$AutowiredFieldElement.inject(AutowiredAnnotationBeanPostProcessor.java:596) ~[spring-beans-5.1.7.RELEASE.jar:5.1.7.RELEASE]
	at org.springframework.beans.factory.annotation.InjectionMetadata.inject(InjectionMetadata.java:90) ~[spring-beans-5.1.7.RELEASE.jar:5.1.7.RELEASE]
	at org.springframework.beans.factory.annotation.AutowiredAnnotationBeanPostProcessor.postProcessProperties(AutowiredAnnotationBeanPostProcessor.java:374) ~[spring-beans-5.1.7.RELEASE.jar:5.1.7.RELEASE]
	at org.springframework.beans.factory.support.AbstractAutowireCapableBeanFactory.populateBean(AbstractAutowireCapableBeanFactory.java:1411) ~[spring-beans-5.1.7.RELEASE.jar:5.1.7.RELEASE]
	at org.springframework.beans.factory.support.AbstractAutowireCapableBeanFactory.doCreateBean(AbstractAutowireCapableBeanFactory.java:592) ~[spring-beans-5.1.7.RELEASE.jar:5.1.7.RELEASE]
	at org.springframework.beans.factory.support.AbstractAutowireCapableBeanFactory.createBean(AbstractAutowireCapableBeanFactory.java:515) ~[spring-beans-5.1.7.RELEASE.jar:5.1.7.RELEASE]
	at org.springframework.beans.factory.support.AbstractBeanFactory.lambda$doGetBean$0(AbstractBeanFactory.java:320) ~[spring-beans-5.1.7.RELEASE.jar:5.1.7.RELEASE]
	at org.springframework.beans.factory.support.DefaultSingletonBeanRegistry.getSingleton(DefaultSingletonBeanRegistry.java:222) ~[spring-beans-5.1.7.RELEASE.jar:5.1.7.RELEASE]
	at org.springframework.beans.factory.support.AbstractBeanFactory.doGetBean(AbstractBeanFactory.java:318) ~[spring-beans-5.1.7.RELEASE.jar:5.1.7.RELEASE]
	at org.springframework.beans.factory.support.AbstractBeanFactory.getBean(AbstractBeanFactory.java:199) ~[spring-beans-5.1.7.RELEASE.jar:5.1.7.RELEASE]
	at org.springframework.beans.factory.support.DefaultListableBeanFactory.preInstantiateSingletons(DefaultListableBeanFactory.java:843) ~[spring-beans-5.1.7.RELEASE.jar:5.1.7.RELEASE]
	at org.springframework.context.support.AbstractApplicationContext.finishBeanFactoryInitialization(AbstractApplicationContext.java:877) ~[spring-context-5.1.7.RELEASE.jar:5.1.7.RELEASE]
	at org.springframework.context.support.AbstractApplicationContext.refresh(AbstractApplicationContext.java:549) ~[spring-context-5.1.7.RELEASE.jar:5.1.7.RELEASE]
	at org.springframework.boot.web.servlet.context.ServletWebServerApplicationContext.refresh(ServletWebServerApplicationContext.java:142) ~[spring-boot-2.1.5.RELEASE.jar:2.1.5.RELEASE]
	at org.springframework.boot.SpringApplication.refresh(SpringApplication.java:775) [spring-boot-2.1.5.RELEASE.jar:2.1.5.RELEASE]
	at org.springframework.boot.SpringApplication.refreshContext(SpringApplication.java:397) [spring-boot-2.1.5.RELEASE.jar:2.1.5.RELEASE]
	at org.springframework.boot.SpringApplication.run(SpringApplication.java:316) [spring-boot-2.1.5.RELEASE.jar:2.1.5.RELEASE]
	at org.springframework.boot.SpringApplication.run(SpringApplication.java:1260) [spring-boot-2.1.5.RELEASE.jar:2.1.5.RELEASE]
	at org.springframework.boot.SpringApplication.run(SpringApplication.java:1248) [spring-boot-2.1.5.RELEASE.jar:2.1.5.RELEASE]
	at internal.InternalApplication.main(InternalApplication.java:14) [classes/:na]
	at sun.reflect.NativeMethodAccessorImpl.invoke0(Native Method) ~[na:1.8.0_212]
	at sun.reflect.NativeMethodAccessorImpl.invoke(NativeMethodAccessorImpl.java:62) ~[na:1.8.0_212]
	at sun.reflect.DelegatingMethodAccessorImpl.invoke(DelegatingMethodAccessorImpl.java:43) ~[na:1.8.0_212]
	at java.lang.reflect.Method.invoke(Method.java:498) ~[na:1.8.0_212]
	at org.springframework.boot.devtools.restart.RestartLauncher.run(RestartLauncher.java:49) [spring-boot-devtools-2.1.5.RELEASE.jar:2.1.5.RELEASE]
Caused by: org.springframework.beans.factory.BeanCreationException: Error creating bean with name 'positionsService': Resolution of declared constructors on bean Class [internal.services.PositionsService] from ClassLoader [org.springframework.boot.devtools.restart.classloader.RestartClassLoader@330f2cc7] failed; nested exception is java.lang.NoClassDefFoundError: internal/dao/PositionsDao
	at org.springframework.beans.factory.annotation.AutowiredAnnotationBeanPostProcessor.determineCandidateConstructors(AutowiredAnnotationBeanPostProcessor.java:284) ~[spring-beans-5.1.7.RELEASE.jar:5.1.7.RELEASE]
	at org.springframework.beans.factory.support.AbstractAutowireCapableBeanFactory.determineConstructorsFromBeanPostProcessors(AbstractAutowireCapableBeanFactory.java:1269) ~[spring-beans-5.1.7.RELEASE.jar:5.1.7.RELEASE]
	at org.springframework.beans.factory.support.AbstractAutowireCapableBeanFactory.createBeanInstance(AbstractAutowireCapableBeanFactory.java:1184) ~[spring-beans-5.1.7.RELEASE.jar:5.1.7.RELEASE]
	at org.springframework.beans.factory.support.AbstractAutowireCapableBeanFactory.doCreateBean(AbstractAutowireCapableBeanFactory.java:555) ~[spring-beans-5.1.7.RELEASE.jar:5.1.7.RELEASE]
	at org.springframework.beans.factory.support.AbstractAutowireCapableBeanFactory.createBean(AbstractAutowireCapableBeanFactory.java:515) ~[spring-beans-5.1.7.RELEASE.jar:5.1.7.RELEASE]
	at org.springframework.beans.factory.support.AbstractBeanFactory.lambda$doGetBean$0(AbstractBeanFactory.java:320) ~[spring-beans-5.1.7.RELEASE.jar:5.1.7.RELEASE]
	at org.springframework.beans.factory.support.DefaultSingletonBeanRegistry.getSingleton(DefaultSingletonBeanRegistry.java:222) ~[spring-beans-5.1.7.RELEASE.jar:5.1.7.RELEASE]
	at org.springframework.beans.factory.support.AbstractBeanFactory.doGetBean(AbstractBeanFactory.java:318) ~[spring-beans-5.1.7.RELEASE.jar:5.1.7.RELEASE]
	at org.springframework.beans.factory.support.AbstractBeanFactory.getBean(AbstractBeanFactory.java:199) ~[spring-beans-5.1.7.RELEASE.jar:5.1.7.RELEASE]
	at org.springframework.beans.factory.config.DependencyDescriptor.resolveCandidate(DependencyDescriptor.java:277) ~[spring-beans-5.1.7.RELEASE.jar:5.1.7.RELEASE]
	at org.springframework.beans.factory.support.DefaultListableBeanFactory.doResolveDependency(DefaultListableBeanFactory.java:1248) ~[spring-beans-5.1.7.RELEASE.jar:5.1.7.RELEASE]
	at org.springframework.beans.factory.support.DefaultListableBeanFactory.resolveDependency(DefaultListableBeanFactory.java:1168) ~[spring-beans-5.1.7.RELEASE.jar:5.1.7.RELEASE]
	at org.springframework.beans.factory.annotation.AutowiredAnnotationBeanPostProcessor$AutowiredFieldElement.inject(AutowiredAnnotationBeanPostProcessor.java:593) ~[spring-beans-5.1.7.RELEASE.jar:5.1.7.RELEASE]
	... 24 common frames omitted
Caused by: java.lang.NoClassDefFoundError: internal/dao/PositionsDao
	at java.lang.Class.getDeclaredConstructors0(Native Method) ~[na:1.8.0_212]
	at java.lang.Class.privateGetDeclaredConstructors(Class.java:2671) ~[na:1.8.0_212]
	at java.lang.Class.getDeclaredConstructors(Class.java:2020) ~[na:1.8.0_212]
	at org.springframework.beans.factory.annotation.AutowiredAnnotationBeanPostProcessor.determineCandidateConstructors(AutowiredAnnotationBeanPostProcessor.java:279) ~[spring-beans-5.1.7.RELEASE.jar:5.1.7.RELEASE]
	... 36 common frames omitted
Caused by: java.lang.ClassNotFoundException: internal.dao.PositionsDao
	at java.net.URLClassLoader.findClass(URLClassLoader.java:382) ~[na:1.8.0_212]
	at java.lang.ClassLoader.loadClass(ClassLoader.java:424) ~[na:1.8.0_212]
	at sun.misc.Launcher$AppClassLoader.loadClass(Launcher.java:349) ~[na:1.8.0_212]
	at java.lang.ClassLoader.loadClass(ClassLoader.java:357) ~[na:1.8.0_212]
	at org.springframework.boot.devtools.restart.classloader.RestartClassLoader.loadClass(RestartClassLoader.java:148) ~[spring-boot-devtools-2.1.5.RELEASE.jar:2.1.5.RELEASE]
	at java.lang.ClassLoader.loadClass(ClassLoader.java:357) ~[na:1.8.0_212]
	... 40 common frames omitted
"2019-08-17 18:12:13 [restartedMain] INFO  internal.InternalApplication - Starting InternalApplication on XAOMI-AIR with PID 16648 (C:\Users\Sersus\IdeaProjects\WORKSHOP\internalREST\target\classes started by Sersus in C:\Users\Sersus\IdeaProjects\WORKSHOP)
""2019-08-17 18:12:13 [restartedMain] INFO  internal.InternalApplication - No active profile set, falling back to default profiles: default
""2019-08-17 18:12:18 [restartedMain] WARN  org.hibernate.orm.cache - HHH90001006: Missing cache[default-update-timestamps-region] was created on-the-fly. The created cache will use a provider-specific default configuration: make sure you defined one. You can disable this warning by setting 'hibernate.javax.cache.missing_cache_strategy' to 'create'.
""2019-08-17 18:12:19 [restartedMain] WARN  org.hibernate.orm.cache - HHH90001006: Missing cache[default-query-results-region] was created on-the-fly. The created cache will use a provider-specific default configuration: make sure you defined one. You can disable this warning by setting 'hibernate.javax.cache.missing_cache_strategy' to 'create'.
""2019-08-17 18:12:19 [restartedMain] WARN  org.hibernate.orm.cache - HHH90001006: Missing cache[internal.entities.Classifier] was created on-the-fly. The created cache will use a provider-specific default configuration: make sure you defined one. You can disable this warning by setting 'hibernate.javax.cache.missing_cache_strategy' to 'create'.
""2019-08-17 18:12:19 [restartedMain] WARN  org.hibernate.orm.cache - HHH90001006: Missing cache[internal.entities.User] was created on-the-fly. The created cache will use a provider-specific default configuration: make sure you defined one. You can disable this warning by setting 'hibernate.javax.cache.missing_cache_strategy' to 'create'.
""2019-08-17 18:12:19 [restartedMain] WARN  org.hibernate.orm.cache - HHH90001006: Missing cache[internal.entities.User.phones] was created on-the-fly. The created cache will use a provider-specific default configuration: make sure you defined one. You can disable this warning by setting 'hibernate.javax.cache.missing_cache_strategy' to 'create'.
""2019-08-17 18:12:19 [restartedMain] WARN  org.hibernate.orm.cache - HHH90001006: Missing cache[internal.entities.Order.tasks] was created on-the-fly. The created cache will use a provider-specific default configuration: make sure you defined one. You can disable this warning by setting 'hibernate.javax.cache.missing_cache_strategy' to 'create'.
""2019-08-17 18:12:19 [restartedMain] WARN  org.hibernate.orm.cache - HHH90001006: Missing cache[internal.entities.Employee] was created on-the-fly. The created cache will use a provider-specific default configuration: make sure you defined one. You can disable this warning by setting 'hibernate.javax.cache.missing_cache_strategy' to 'create'.
""2019-08-17 18:12:19 [restartedMain] WARN  org.hibernate.orm.cache - HHH90001006: Missing cache[internal.entities.Task] was created on-the-fly. The created cache will use a provider-specific default configuration: make sure you defined one. You can disable this warning by setting 'hibernate.javax.cache.missing_cache_strategy' to 'create'.
""2019-08-17 18:12:19 [restartedMain] WARN  org.hibernate.orm.cache - HHH90001006: Missing cache[internal.entities.WorkshopGrantedAuthority] was created on-the-fly. The created cache will use a provider-specific default configuration: make sure you defined one. You can disable this warning by setting 'hibernate.javax.cache.missing_cache_strategy' to 'create'.
""2019-08-17 18:12:19 [restartedMain] WARN  org.hibernate.orm.cache - HHH90001006: Missing cache[internal.entities.Order] was created on-the-fly. The created cache will use a provider-specific default configuration: make sure you defined one. You can disable this warning by setting 'hibernate.javax.cache.missing_cache_strategy' to 'create'.
""2019-08-17 18:12:19 [restartedMain] WARN  org.hibernate.orm.cache - HHH90001006: Missing cache[internal.entities.User.grantedAuthorities] was created on-the-fly. The created cache will use a provider-specific default configuration: make sure you defined one. You can disable this warning by setting 'hibernate.javax.cache.missing_cache_strategy' to 'create'.
""2019-08-17 18:12:19 [restartedMain] WARN  org.hibernate.orm.cache - HHH90001006: Missing cache[internal.entities.Position] was created on-the-fly. The created cache will use a provider-specific default configuration: make sure you defined one. You can disable this warning by setting 'hibernate.javax.cache.missing_cache_strategy' to 'create'.
""2019-08-17 18:12:19 [restartedMain] WARN  org.hibernate.orm.cache - HHH90001006: Missing cache[internal.entities.Employee.phones] was created on-the-fly. The created cache will use a provider-specific default configuration: make sure you defined one. You can disable this warning by setting 'hibernate.javax.cache.missing_cache_strategy' to 'create'.
""2019-08-17 18:12:19 [restartedMain] WARN  org.hibernate.orm.cache - HHH90001006: Missing cache[internal.entities.Department] was created on-the-fly. The created cache will use a provider-specific default configuration: make sure you defined one. You can disable this warning by setting 'hibernate.javax.cache.missing_cache_strategy' to 'create'.
""2019-08-17 18:12:19 [restartedMain] WARN  org.hibernate.orm.cache - HHH90001006: Missing cache[internal.entities.Position.employees] was created on-the-fly. The created cache will use a provider-specific default configuration: make sure you defined one. You can disable this warning by setting 'hibernate.javax.cache.missing_cache_strategy' to 'create'.
""2019-08-17 18:12:19 [restartedMain] WARN  org.hibernate.orm.cache - HHH90001006: Missing cache[internal.entities.User.orders] was created on-the-fly. The created cache will use a provider-specific default configuration: make sure you defined one. You can disable this warning by setting 'hibernate.javax.cache.missing_cache_strategy' to 'create'.
""2019-08-17 18:12:19 [restartedMain] WARN  org.hibernate.orm.cache - HHH90001006: Missing cache[internal.entities.Department.positions] was created on-the-fly. The created cache will use a provider-specific default configuration: make sure you defined one. You can disable this warning by setting 'hibernate.javax.cache.missing_cache_strategy' to 'create'.
""2019-08-17 18:12:19 [restartedMain] WARN  org.hibernate.orm.cache - HHH90001006: Missing cache[internal.entities.Task.classifiers] was created on-the-fly. The created cache will use a provider-specific default configuration: make sure you defined one. You can disable this warning by setting 'hibernate.javax.cache.missing_cache_strategy' to 'create'.
""2019-08-17 18:12:19 [restartedMain] WARN  org.hibernate.orm.cache - HHH90001006: Missing cache[internal.entities.Phone] was created on-the-fly. The created cache will use a provider-specific default configuration: make sure you defined one. You can disable this warning by setting 'hibernate.javax.cache.missing_cache_strategy' to 'create'.
""2019-08-17 18:12:20 [restartedMain] WARN  o.s.b.a.o.j.JpaBaseConfiguration$JpaWebConfiguration$JpaWebMvcConfiguration - spring.jpa.open-in-view is enabled by default. Therefore, database queries may be performed during view rendering. Explicitly configure spring.jpa.open-in-view to disable this warning
""2019-08-17 18:12:21 [restartedMain] INFO  internal.InternalApplication - Started InternalApplication in 8.795 seconds (JVM running for 10.073)
"