"2019-09-07 00:18:17 [main] INFO  i.s.WorkshopEntitiesServiceAbstractIT - Starting WorkshopEntitiesServiceAbstractIT on SERSUS-PC with PID 8660 (started by Sersus in C:\Users\Sersus\IdeaProjects\WORKSHOP\internalREST)
""2019-09-07 00:18:17 [main] INFO  i.s.WorkshopEntitiesServiceAbstractIT - No active profile set, falling back to default profiles: default
""2019-09-07 00:18:22 [main] WARN  org.hibernate.orm.cache - HHH90001006: Missing cache[default-update-timestamps-region] was created on-the-fly. The created cache will use a provider-specific default configuration: make sure you defined one. You can disable this warning by setting 'hibernate.javax.cache.missing_cache_strategy' to 'create'.
""2019-09-07 00:18:22 [main] WARN  org.hibernate.orm.cache - HHH90001006: Missing cache[default-query-results-region] was created on-the-fly. The created cache will use a provider-specific default configuration: make sure you defined one. You can disable this warning by setting 'hibernate.javax.cache.missing_cache_strategy' to 'create'.
""2019-09-07 00:18:23 [main] WARN  org.hibernate.orm.cache - HHH90001006: Missing cache[internal.entities.Classifier] was created on-the-fly. The created cache will use a provider-specific default configuration: make sure you defined one. You can disable this warning by setting 'hibernate.javax.cache.missing_cache_strategy' to 'create'.
""2019-09-07 00:18:23 [main] WARN  org.hibernate.orm.cache - HHH90001006: Missing cache[internal.entities.Order] was created on-the-fly. The created cache will use a provider-specific default configuration: make sure you defined one. You can disable this warning by setting 'hibernate.javax.cache.missing_cache_strategy' to 'create'.
""2019-09-07 00:18:23 [main] WARN  org.hibernate.orm.cache - HHH90001006: Missing cache[internal.entities.User.grantedAuthorities] was created on-the-fly. The created cache will use a provider-specific default configuration: make sure you defined one. You can disable this warning by setting 'hibernate.javax.cache.missing_cache_strategy' to 'create'.
""2019-09-07 00:18:23 [main] WARN  org.hibernate.orm.cache - HHH90001006: Missing cache[internal.entities.Position] was created on-the-fly. The created cache will use a provider-specific default configuration: make sure you defined one. You can disable this warning by setting 'hibernate.javax.cache.missing_cache_strategy' to 'create'.
""2019-09-07 00:18:23 [main] WARN  org.hibernate.orm.cache - HHH90001006: Missing cache[internal.entities.Position.employees] was created on-the-fly. The created cache will use a provider-specific default configuration: make sure you defined one. You can disable this warning by setting 'hibernate.javax.cache.missing_cache_strategy' to 'create'.
""2019-09-07 00:18:23 [main] WARN  org.hibernate.orm.cache - HHH90001006: Missing cache[internal.entities.User.phones] was created on-the-fly. The created cache will use a provider-specific default configuration: make sure you defined one. You can disable this warning by setting 'hibernate.javax.cache.missing_cache_strategy' to 'create'.
""2019-09-07 00:18:23 [main] WARN  org.hibernate.orm.cache - HHH90001006: Missing cache[internal.entities.Employee] was created on-the-fly. The created cache will use a provider-specific default configuration: make sure you defined one. You can disable this warning by setting 'hibernate.javax.cache.missing_cache_strategy' to 'create'.
""2019-09-07 00:18:23 [main] WARN  org.hibernate.orm.cache - HHH90001006: Missing cache[internal.entities.Task.classifiers] was created on-the-fly. The created cache will use a provider-specific default configuration: make sure you defined one. You can disable this warning by setting 'hibernate.javax.cache.missing_cache_strategy' to 'create'.
""2019-09-07 00:18:23 [main] WARN  org.hibernate.orm.cache - HHH90001006: Missing cache[internal.entities.Department] was created on-the-fly. The created cache will use a provider-specific default configuration: make sure you defined one. You can disable this warning by setting 'hibernate.javax.cache.missing_cache_strategy' to 'create'.
""2019-09-07 00:18:23 [main] WARN  org.hibernate.orm.cache - HHH90001006: Missing cache[internal.entities.Task] was created on-the-fly. The created cache will use a provider-specific default configuration: make sure you defined one. You can disable this warning by setting 'hibernate.javax.cache.missing_cache_strategy' to 'create'.
""2019-09-07 00:18:23 [main] WARN  org.hibernate.orm.cache - HHH90001006: Missing cache[internal.entities.User] was created on-the-fly. The created cache will use a provider-specific default configuration: make sure you defined one. You can disable this warning by setting 'hibernate.javax.cache.missing_cache_strategy' to 'create'.
""2019-09-07 00:18:23 [main] WARN  org.hibernate.orm.cache - HHH90001006: Missing cache[internal.entities.Employee.phones] was created on-the-fly. The created cache will use a provider-specific default configuration: make sure you defined one. You can disable this warning by setting 'hibernate.javax.cache.missing_cache_strategy' to 'create'.
""2019-09-07 00:18:23 [main] WARN  org.hibernate.orm.cache - HHH90001006: Missing cache[internal.entities.User.orders] was created on-the-fly. The created cache will use a provider-specific default configuration: make sure you defined one. You can disable this warning by setting 'hibernate.javax.cache.missing_cache_strategy' to 'create'.
""2019-09-07 00:18:23 [main] WARN  org.hibernate.orm.cache - HHH90001006: Missing cache[internal.entities.Department.positions] was created on-the-fly. The created cache will use a provider-specific default configuration: make sure you defined one. You can disable this warning by setting 'hibernate.javax.cache.missing_cache_strategy' to 'create'.
""2019-09-07 00:18:23 [main] WARN  org.hibernate.orm.cache - HHH90001006: Missing cache[internal.entities.WorkshopGrantedAuthority] was created on-the-fly. The created cache will use a provider-specific default configuration: make sure you defined one. You can disable this warning by setting 'hibernate.javax.cache.missing_cache_strategy' to 'create'.
""2019-09-07 00:18:23 [main] WARN  org.hibernate.orm.cache - HHH90001006: Missing cache[internal.entities.Order.tasks] was created on-the-fly. The created cache will use a provider-specific default configuration: make sure you defined one. You can disable this warning by setting 'hibernate.javax.cache.missing_cache_strategy' to 'create'.
""2019-09-07 00:18:23 [main] WARN  org.hibernate.orm.cache - HHH90001006: Missing cache[internal.entities.Phone] was created on-the-fly. The created cache will use a provider-specific default configuration: make sure you defined one. You can disable this warning by setting 'hibernate.javax.cache.missing_cache_strategy' to 'create'.
""2019-09-07 00:18:25 [main] WARN  o.s.b.a.o.j.JpaBaseConfiguration$JpaWebConfiguration$JpaWebMvcConfiguration - spring.jpa.open-in-view is enabled by default. Therefore, database queries may be performed during view rendering. Explicitly configure spring.jpa.open-in-view to disable this warning
""2019-09-07 00:18:28 [main] INFO  i.s.WorkshopEntitiesServiceAbstractIT - Started WorkshopEntitiesServiceAbstractIT in 11.261 seconds (JVM running for 14.291)
""2019-09-07 00:18:28 [main] INFO  i.dao.WorkshopEntitiesDaoAbstract - Department has been persisted.
""2019-09-07 00:18:28 [main] INFO  i.dao.WorkshopEntitiesDaoAbstract - Authentication=admin@workshop.pro is found
""2019-09-07 00:18:28 [main] INFO  i.dao.WorkshopEntitiesDaoAbstract - Employee has been persisted.
""2019-09-07 00:18:28 [main] INFO  i.dao.WorkshopEntitiesDaoAbstract - Phone has been persisted.
""2019-09-07 00:18:37 [main] INFO  i.s.WorkshopEntitiesServiceAbstractIT - Starting WorkshopEntitiesServiceAbstractIT on SERSUS-PC with PID 5344 (started by Sersus in C:\Users\Sersus\IdeaProjects\WORKSHOP\internalREST)
""2019-09-07 00:18:37 [main] INFO  i.s.WorkshopEntitiesServiceAbstractIT - No active profile set, falling back to default profiles: default
""2019-09-07 00:18:41 [main] WARN  org.hibernate.orm.cache - HHH90001006: Missing cache[default-update-timestamps-region] was created on-the-fly. The created cache will use a provider-specific default configuration: make sure you defined one. You can disable this warning by setting 'hibernate.javax.cache.missing_cache_strategy' to 'create'.
""2019-09-07 00:18:41 [main] WARN  org.hibernate.orm.cache - HHH90001006: Missing cache[default-query-results-region] was created on-the-fly. The created cache will use a provider-specific default configuration: make sure you defined one. You can disable this warning by setting 'hibernate.javax.cache.missing_cache_strategy' to 'create'.
""2019-09-07 00:18:42 [main] WARN  org.hibernate.orm.cache - HHH90001006: Missing cache[internal.entities.User.phones] was created on-the-fly. The created cache will use a provider-specific default configuration: make sure you defined one. You can disable this warning by setting 'hibernate.javax.cache.missing_cache_strategy' to 'create'.
""2019-09-07 00:18:42 [main] WARN  org.hibernate.orm.cache - HHH90001006: Missing cache[internal.entities.Department] was created on-the-fly. The created cache will use a provider-specific default configuration: make sure you defined one. You can disable this warning by setting 'hibernate.javax.cache.missing_cache_strategy' to 'create'.
""2019-09-07 00:18:42 [main] WARN  org.hibernate.orm.cache - HHH90001006: Missing cache[internal.entities.Order] was created on-the-fly. The created cache will use a provider-specific default configuration: make sure you defined one. You can disable this warning by setting 'hibernate.javax.cache.missing_cache_strategy' to 'create'.
""2019-09-07 00:18:42 [main] WARN  org.hibernate.orm.cache - HHH90001006: Missing cache[internal.entities.Phone] was created on-the-fly. The created cache will use a provider-specific default configuration: make sure you defined one. You can disable this warning by setting 'hibernate.javax.cache.missing_cache_strategy' to 'create'.
""2019-09-07 00:18:42 [main] WARN  org.hibernate.orm.cache - HHH90001006: Missing cache[internal.entities.Order.tasks] was created on-the-fly. The created cache will use a provider-specific default configuration: make sure you defined one. You can disable this warning by setting 'hibernate.javax.cache.missing_cache_strategy' to 'create'.
""2019-09-07 00:18:42 [main] WARN  org.hibernate.orm.cache - HHH90001006: Missing cache[internal.entities.User] was created on-the-fly. The created cache will use a provider-specific default configuration: make sure you defined one. You can disable this warning by setting 'hibernate.javax.cache.missing_cache_strategy' to 'create'.
""2019-09-07 00:18:42 [main] WARN  org.hibernate.orm.cache - HHH90001006: Missing cache[internal.entities.Position] was created on-the-fly. The created cache will use a provider-specific default configuration: make sure you defined one. You can disable this warning by setting 'hibernate.javax.cache.missing_cache_strategy' to 'create'.
""2019-09-07 00:18:42 [main] WARN  org.hibernate.orm.cache - HHH90001006: Missing cache[internal.entities.Employee] was created on-the-fly. The created cache will use a provider-specific default configuration: make sure you defined one. You can disable this warning by setting 'hibernate.javax.cache.missing_cache_strategy' to 'create'.
""2019-09-07 00:18:42 [main] WARN  org.hibernate.orm.cache - HHH90001006: Missing cache[internal.entities.Task.classifiers] was created on-the-fly. The created cache will use a provider-specific default configuration: make sure you defined one. You can disable this warning by setting 'hibernate.javax.cache.missing_cache_strategy' to 'create'.
""2019-09-07 00:18:42 [main] WARN  org.hibernate.orm.cache - HHH90001006: Missing cache[internal.entities.User.orders] was created on-the-fly. The created cache will use a provider-specific default configuration: make sure you defined one. You can disable this warning by setting 'hibernate.javax.cache.missing_cache_strategy' to 'create'.
""2019-09-07 00:18:42 [main] WARN  org.hibernate.orm.cache - HHH90001006: Missing cache[internal.entities.User.grantedAuthorities] was created on-the-fly. The created cache will use a provider-specific default configuration: make sure you defined one. You can disable this warning by setting 'hibernate.javax.cache.missing_cache_strategy' to 'create'.
""2019-09-07 00:18:42 [main] WARN  org.hibernate.orm.cache - HHH90001006: Missing cache[internal.entities.Department.positions] was created on-the-fly. The created cache will use a provider-specific default configuration: make sure you defined one. You can disable this warning by setting 'hibernate.javax.cache.missing_cache_strategy' to 'create'.
""2019-09-07 00:18:42 [main] WARN  org.hibernate.orm.cache - HHH90001006: Missing cache[internal.entities.Employee.phones] was created on-the-fly. The created cache will use a provider-specific default configuration: make sure you defined one. You can disable this warning by setting 'hibernate.javax.cache.missing_cache_strategy' to 'create'.
""2019-09-07 00:18:42 [main] WARN  org.hibernate.orm.cache - HHH90001006: Missing cache[internal.entities.WorkshopGrantedAuthority] was created on-the-fly. The created cache will use a provider-specific default configuration: make sure you defined one. You can disable this warning by setting 'hibernate.javax.cache.missing_cache_strategy' to 'create'.
""2019-09-07 00:18:42 [main] WARN  org.hibernate.orm.cache - HHH90001006: Missing cache[internal.entities.Task] was created on-the-fly. The created cache will use a provider-specific default configuration: make sure you defined one. You can disable this warning by setting 'hibernate.javax.cache.missing_cache_strategy' to 'create'.
""2019-09-07 00:18:42 [main] WARN  org.hibernate.orm.cache - HHH90001006: Missing cache[internal.entities.Classifier] was created on-the-fly. The created cache will use a provider-specific default configuration: make sure you defined one. You can disable this warning by setting 'hibernate.javax.cache.missing_cache_strategy' to 'create'.
""2019-09-07 00:18:42 [main] WARN  org.hibernate.orm.cache - HHH90001006: Missing cache[internal.entities.Position.employees] was created on-the-fly. The created cache will use a provider-specific default configuration: make sure you defined one. You can disable this warning by setting 'hibernate.javax.cache.missing_cache_strategy' to 'create'.
""2019-09-07 00:18:44 [main] WARN  o.s.b.a.o.j.JpaBaseConfiguration$JpaWebConfiguration$JpaWebMvcConfiguration - spring.jpa.open-in-view is enabled by default. Therefore, database queries may be performed during view rendering. Explicitly configure spring.jpa.open-in-view to disable this warning
""2019-09-07 00:18:46 [main] INFO  i.s.WorkshopEntitiesServiceAbstractIT - Started WorkshopEntitiesServiceAbstractIT in 8.778 seconds (JVM running for 10.443)
""2019-09-07 00:18:46 [main] INFO  i.dao.WorkshopEntitiesDaoAbstract - Department has been persisted.
""2019-09-07 00:18:46 [main] INFO  i.dao.WorkshopEntitiesDaoAbstract - Authentication=admin@workshop.pro is found
""2019-09-07 00:18:46 [main] INFO  i.dao.WorkshopEntitiesDaoAbstract - Employee has been persisted.
""2019-09-07 00:18:46 [main] INFO  i.dao.WorkshopEntitiesDaoAbstract - Authentication=admin@workshop.pro is found
""2019-09-07 00:18:46 [main] INFO  i.dao.WorkshopEntitiesDaoAbstract - Employee has been persisted.
""2019-09-07 00:18:56 [main] INFO  i.s.WorkshopEntitiesServiceAbstractIT - Starting WorkshopEntitiesServiceAbstractIT on SERSUS-PC with PID 2892 (started by Sersus in C:\Users\Sersus\IdeaProjects\WORKSHOP\internalREST)
""2019-09-07 00:18:56 [main] INFO  i.s.WorkshopEntitiesServiceAbstractIT - No active profile set, falling back to default profiles: default
""2019-09-07 00:19:00 [main] WARN  org.hibernate.orm.cache - HHH90001006: Missing cache[default-update-timestamps-region] was created on-the-fly. The created cache will use a provider-specific default configuration: make sure you defined one. You can disable this warning by setting 'hibernate.javax.cache.missing_cache_strategy' to 'create'.
""2019-09-07 00:19:00 [main] WARN  org.hibernate.orm.cache - HHH90001006: Missing cache[default-query-results-region] was created on-the-fly. The created cache will use a provider-specific default configuration: make sure you defined one. You can disable this warning by setting 'hibernate.javax.cache.missing_cache_strategy' to 'create'.
""2019-09-07 00:19:00 [main] WARN  org.hibernate.orm.cache - HHH90001006: Missing cache[internal.entities.User.phones] was created on-the-fly. The created cache will use a provider-specific default configuration: make sure you defined one. You can disable this warning by setting 'hibernate.javax.cache.missing_cache_strategy' to 'create'.
""2019-09-07 00:19:00 [main] WARN  org.hibernate.orm.cache - HHH90001006: Missing cache[internal.entities.Department] was created on-the-fly. The created cache will use a provider-specific default configuration: make sure you defined one. You can disable this warning by setting 'hibernate.javax.cache.missing_cache_strategy' to 'create'.
""2019-09-07 00:19:00 [main] WARN  org.hibernate.orm.cache - HHH90001006: Missing cache[internal.entities.Order] was created on-the-fly. The created cache will use a provider-specific default configuration: make sure you defined one. You can disable this warning by setting 'hibernate.javax.cache.missing_cache_strategy' to 'create'.
""2019-09-07 00:19:00 [main] WARN  org.hibernate.orm.cache - HHH90001006: Missing cache[internal.entities.Phone] was created on-the-fly. The created cache will use a provider-specific default configuration: make sure you defined one. You can disable this warning by setting 'hibernate.javax.cache.missing_cache_strategy' to 'create'.
""2019-09-07 00:19:00 [main] WARN  org.hibernate.orm.cache - HHH90001006: Missing cache[internal.entities.Order.tasks] was created on-the-fly. The created cache will use a provider-specific default configuration: make sure you defined one. You can disable this warning by setting 'hibernate.javax.cache.missing_cache_strategy' to 'create'.
""2019-09-07 00:19:00 [main] WARN  org.hibernate.orm.cache - HHH90001006: Missing cache[internal.entities.User] was created on-the-fly. The created cache will use a provider-specific default configuration: make sure you defined one. You can disable this warning by setting 'hibernate.javax.cache.missing_cache_strategy' to 'create'.
""2019-09-07 00:19:00 [main] WARN  org.hibernate.orm.cache - HHH90001006: Missing cache[internal.entities.Position] was created on-the-fly. The created cache will use a provider-specific default configuration: make sure you defined one. You can disable this warning by setting 'hibernate.javax.cache.missing_cache_strategy' to 'create'.
""2019-09-07 00:19:00 [main] WARN  org.hibernate.orm.cache - HHH90001006: Missing cache[internal.entities.Employee] was created on-the-fly. The created cache will use a provider-specific default configuration: make sure you defined one. You can disable this warning by setting 'hibernate.javax.cache.missing_cache_strategy' to 'create'.
""2019-09-07 00:19:00 [main] WARN  org.hibernate.orm.cache - HHH90001006: Missing cache[internal.entities.Task.classifiers] was created on-the-fly. The created cache will use a provider-specific default configuration: make sure you defined one. You can disable this warning by setting 'hibernate.javax.cache.missing_cache_strategy' to 'create'.
""2019-09-07 00:19:00 [main] WARN  org.hibernate.orm.cache - HHH90001006: Missing cache[internal.entities.User.orders] was created on-the-fly. The created cache will use a provider-specific default configuration: make sure you defined one. You can disable this warning by setting 'hibernate.javax.cache.missing_cache_strategy' to 'create'.
""2019-09-07 00:19:00 [main] WARN  org.hibernate.orm.cache - HHH90001006: Missing cache[internal.entities.User.grantedAuthorities] was created on-the-fly. The created cache will use a provider-specific default configuration: make sure you defined one. You can disable this warning by setting 'hibernate.javax.cache.missing_cache_strategy' to 'create'.
""2019-09-07 00:19:00 [main] WARN  org.hibernate.orm.cache - HHH90001006: Missing cache[internal.entities.Department.positions] was created on-the-fly. The created cache will use a provider-specific default configuration: make sure you defined one. You can disable this warning by setting 'hibernate.javax.cache.missing_cache_strategy' to 'create'.
""2019-09-07 00:19:00 [main] WARN  org.hibernate.orm.cache - HHH90001006: Missing cache[internal.entities.Employee.phones] was created on-the-fly. The created cache will use a provider-specific default configuration: make sure you defined one. You can disable this warning by setting 'hibernate.javax.cache.missing_cache_strategy' to 'create'.
""2019-09-07 00:19:00 [main] WARN  org.hibernate.orm.cache - HHH90001006: Missing cache[internal.entities.WorkshopGrantedAuthority] was created on-the-fly. The created cache will use a provider-specific default configuration: make sure you defined one. You can disable this warning by setting 'hibernate.javax.cache.missing_cache_strategy' to 'create'.
""2019-09-07 00:19:00 [main] WARN  org.hibernate.orm.cache - HHH90001006: Missing cache[internal.entities.Task] was created on-the-fly. The created cache will use a provider-specific default configuration: make sure you defined one. You can disable this warning by setting 'hibernate.javax.cache.missing_cache_strategy' to 'create'.
""2019-09-07 00:19:00 [main] WARN  org.hibernate.orm.cache - HHH90001006: Missing cache[internal.entities.Classifier] was created on-the-fly. The created cache will use a provider-specific default configuration: make sure you defined one. You can disable this warning by setting 'hibernate.javax.cache.missing_cache_strategy' to 'create'.
""2019-09-07 00:19:00 [main] WARN  org.hibernate.orm.cache - HHH90001006: Missing cache[internal.entities.Position.employees] was created on-the-fly. The created cache will use a provider-specific default configuration: make sure you defined one. You can disable this warning by setting 'hibernate.javax.cache.missing_cache_strategy' to 'create'.
""2019-09-07 00:19:02 [main] WARN  o.s.b.a.o.j.JpaBaseConfiguration$JpaWebConfiguration$JpaWebMvcConfiguration - spring.jpa.open-in-view is enabled by default. Therefore, database queries may be performed during view rendering. Explicitly configure spring.jpa.open-in-view to disable this warning
""2019-09-07 00:19:04 [main] INFO  i.s.WorkshopEntitiesServiceAbstractIT - Started WorkshopEntitiesServiceAbstractIT in 9.039 seconds (JVM running for 10.599)
""2019-09-07 00:19:04 [main] INFO  i.dao.WorkshopEntitiesDaoAbstract - Department has been persisted.
""2019-09-07 00:19:04 [main] INFO  i.dao.WorkshopEntitiesDaoAbstract - Department has been persisted.
""2019-09-07 00:19:04 [main] INFO  i.dao.WorkshopEntitiesDaoAbstract - Authentication=admin@workshop.pro is found
""2019-09-07 00:19:04 [main] INFO  i.dao.WorkshopEntitiesDaoAbstract - Position has been persisted.
""2019-09-07 00:19:04 [main] INFO  i.dao.WorkshopEntitiesDaoAbstract - Authentication=admin@workshop.pro is found
""2019-09-07 00:19:04 [main] INFO  i.dao.WorkshopEntitiesDaoAbstract - Position has been persisted.
""2019-09-07 00:19:05 [main] INFO  i.dao.WorkshopEntitiesDaoAbstract - Authentication=admin@workshop.pro is found
""2019-09-07 00:19:05 [main] INFO  i.dao.WorkshopEntitiesDaoAbstract - Authentication=admin@workshop.pro is found
""2019-09-07 00:19:14 [main] INFO  i.s.WorkshopEntitiesServiceAbstractIT - Starting WorkshopEntitiesServiceAbstractIT on SERSUS-PC with PID 6476 (started by Sersus in C:\Users\Sersus\IdeaProjects\WORKSHOP\internalREST)
""2019-09-07 00:19:14 [main] INFO  i.s.WorkshopEntitiesServiceAbstractIT - No active profile set, falling back to default profiles: default
""2019-09-07 00:19:18 [main] WARN  org.hibernate.orm.cache - HHH90001006: Missing cache[default-update-timestamps-region] was created on-the-fly. The created cache will use a provider-specific default configuration: make sure you defined one. You can disable this warning by setting 'hibernate.javax.cache.missing_cache_strategy' to 'create'.
""2019-09-07 00:19:18 [main] WARN  org.hibernate.orm.cache - HHH90001006: Missing cache[default-query-results-region] was created on-the-fly. The created cache will use a provider-specific default configuration: make sure you defined one. You can disable this warning by setting 'hibernate.javax.cache.missing_cache_strategy' to 'create'.
""2019-09-07 00:19:18 [main] WARN  org.hibernate.orm.cache - HHH90001006: Missing cache[internal.entities.User.phones] was created on-the-fly. The created cache will use a provider-specific default configuration: make sure you defined one. You can disable this warning by setting 'hibernate.javax.cache.missing_cache_strategy' to 'create'.
""2019-09-07 00:19:18 [main] WARN  org.hibernate.orm.cache - HHH90001006: Missing cache[internal.entities.Department] was created on-the-fly. The created cache will use a provider-specific default configuration: make sure you defined one. You can disable this warning by setting 'hibernate.javax.cache.missing_cache_strategy' to 'create'.
""2019-09-07 00:19:18 [main] WARN  org.hibernate.orm.cache - HHH90001006: Missing cache[internal.entities.Order] was created on-the-fly. The created cache will use a provider-specific default configuration: make sure you defined one. You can disable this warning by setting 'hibernate.javax.cache.missing_cache_strategy' to 'create'.
""2019-09-07 00:19:18 [main] WARN  org.hibernate.orm.cache - HHH90001006: Missing cache[internal.entities.Phone] was created on-the-fly. The created cache will use a provider-specific default configuration: make sure you defined one. You can disable this warning by setting 'hibernate.javax.cache.missing_cache_strategy' to 'create'.
""2019-09-07 00:19:18 [main] WARN  org.hibernate.orm.cache - HHH90001006: Missing cache[internal.entities.Order.tasks] was created on-the-fly. The created cache will use a provider-specific default configuration: make sure you defined one. You can disable this warning by setting 'hibernate.javax.cache.missing_cache_strategy' to 'create'.
""2019-09-07 00:19:18 [main] WARN  org.hibernate.orm.cache - HHH90001006: Missing cache[internal.entities.User] was created on-the-fly. The created cache will use a provider-specific default configuration: make sure you defined one. You can disable this warning by setting 'hibernate.javax.cache.missing_cache_strategy' to 'create'.
""2019-09-07 00:19:18 [main] WARN  org.hibernate.orm.cache - HHH90001006: Missing cache[internal.entities.Position] was created on-the-fly. The created cache will use a provider-specific default configuration: make sure you defined one. You can disable this warning by setting 'hibernate.javax.cache.missing_cache_strategy' to 'create'.
""2019-09-07 00:19:18 [main] WARN  org.hibernate.orm.cache - HHH90001006: Missing cache[internal.entities.Employee] was created on-the-fly. The created cache will use a provider-specific default configuration: make sure you defined one. You can disable this warning by setting 'hibernate.javax.cache.missing_cache_strategy' to 'create'.
""2019-09-07 00:19:18 [main] WARN  org.hibernate.orm.cache - HHH90001006: Missing cache[internal.entities.Task.classifiers] was created on-the-fly. The created cache will use a provider-specific default configuration: make sure you defined one. You can disable this warning by setting 'hibernate.javax.cache.missing_cache_strategy' to 'create'.
""2019-09-07 00:19:18 [main] WARN  org.hibernate.orm.cache - HHH90001006: Missing cache[internal.entities.User.orders] was created on-the-fly. The created cache will use a provider-specific default configuration: make sure you defined one. You can disable this warning by setting 'hibernate.javax.cache.missing_cache_strategy' to 'create'.
""2019-09-07 00:19:18 [main] WARN  org.hibernate.orm.cache - HHH90001006: Missing cache[internal.entities.User.grantedAuthorities] was created on-the-fly. The created cache will use a provider-specific default configuration: make sure you defined one. You can disable this warning by setting 'hibernate.javax.cache.missing_cache_strategy' to 'create'.
""2019-09-07 00:19:18 [main] WARN  org.hibernate.orm.cache - HHH90001006: Missing cache[internal.entities.Department.positions] was created on-the-fly. The created cache will use a provider-specific default configuration: make sure you defined one. You can disable this warning by setting 'hibernate.javax.cache.missing_cache_strategy' to 'create'.
""2019-09-07 00:19:18 [main] WARN  org.hibernate.orm.cache - HHH90001006: Missing cache[internal.entities.Employee.phones] was created on-the-fly. The created cache will use a provider-specific default configuration: make sure you defined one. You can disable this warning by setting 'hibernate.javax.cache.missing_cache_strategy' to 'create'.
""2019-09-07 00:19:18 [main] WARN  org.hibernate.orm.cache - HHH90001006: Missing cache[internal.entities.WorkshopGrantedAuthority] was created on-the-fly. The created cache will use a provider-specific default configuration: make sure you defined one. You can disable this warning by setting 'hibernate.javax.cache.missing_cache_strategy' to 'create'.
""2019-09-07 00:19:18 [main] WARN  org.hibernate.orm.cache - HHH90001006: Missing cache[internal.entities.Task] was created on-the-fly. The created cache will use a provider-specific default configuration: make sure you defined one. You can disable this warning by setting 'hibernate.javax.cache.missing_cache_strategy' to 'create'.
""2019-09-07 00:19:18 [main] WARN  org.hibernate.orm.cache - HHH90001006: Missing cache[internal.entities.Classifier] was created on-the-fly. The created cache will use a provider-specific default configuration: make sure you defined one. You can disable this warning by setting 'hibernate.javax.cache.missing_cache_strategy' to 'create'.
""2019-09-07 00:19:18 [main] WARN  org.hibernate.orm.cache - HHH90001006: Missing cache[internal.entities.Position.employees] was created on-the-fly. The created cache will use a provider-specific default configuration: make sure you defined one. You can disable this warning by setting 'hibernate.javax.cache.missing_cache_strategy' to 'create'.
""2019-09-07 00:19:20 [main] WARN  o.s.b.a.o.j.JpaBaseConfiguration$JpaWebConfiguration$JpaWebMvcConfiguration - spring.jpa.open-in-view is enabled by default. Therefore, database queries may be performed during view rendering. Explicitly configure spring.jpa.open-in-view to disable this warning
""2019-09-07 00:19:22 [main] INFO  i.s.WorkshopEntitiesServiceAbstractIT - Started WorkshopEntitiesServiceAbstractIT in 8.615 seconds (JVM running for 10.146)
""2019-09-07 00:19:22 [main] INFO  i.dao.WorkshopEntitiesDaoAbstract - Department has been persisted.
""2019-09-07 00:19:22 [main] INFO  i.dao.WorkshopEntitiesDaoAbstract - Authentication=admin@workshop.pro is found
""2019-09-07 00:19:22 [main] INFO  i.dao.WorkshopEntitiesDaoAbstract - Position has been persisted.
""2019-09-07 00:19:34 [main] INFO  i.s.WorkshopEntitiesServiceAbstractIT - Starting WorkshopEntitiesServiceAbstractIT on SERSUS-PC with PID 19616 (started by Sersus in C:\Users\Sersus\IdeaProjects\WORKSHOP\internalREST)
""2019-09-07 00:19:34 [main] INFO  i.s.WorkshopEntitiesServiceAbstractIT - No active profile set, falling back to default profiles: default
""2019-09-07 00:19:39 [main] WARN  org.hibernate.orm.cache - HHH90001006: Missing cache[default-update-timestamps-region] was created on-the-fly. The created cache will use a provider-specific default configuration: make sure you defined one. You can disable this warning by setting 'hibernate.javax.cache.missing_cache_strategy' to 'create'.
""2019-09-07 00:19:39 [main] WARN  org.hibernate.orm.cache - HHH90001006: Missing cache[default-query-results-region] was created on-the-fly. The created cache will use a provider-specific default configuration: make sure you defined one. You can disable this warning by setting 'hibernate.javax.cache.missing_cache_strategy' to 'create'.
""2019-09-07 00:19:39 [main] WARN  org.hibernate.orm.cache - HHH90001006: Missing cache[internal.entities.User.phones] was created on-the-fly. The created cache will use a provider-specific default configuration: make sure you defined one. You can disable this warning by setting 'hibernate.javax.cache.missing_cache_strategy' to 'create'.
""2019-09-07 00:19:39 [main] WARN  org.hibernate.orm.cache - HHH90001006: Missing cache[internal.entities.User.orders] was created on-the-fly. The created cache will use a provider-specific default configuration: make sure you defined one. You can disable this warning by setting 'hibernate.javax.cache.missing_cache_strategy' to 'create'.
""2019-09-07 00:19:39 [main] WARN  org.hibernate.orm.cache - HHH90001006: Missing cache[internal.entities.Position.employees] was created on-the-fly. The created cache will use a provider-specific default configuration: make sure you defined one. You can disable this warning by setting 'hibernate.javax.cache.missing_cache_strategy' to 'create'.
""2019-09-07 00:19:39 [main] WARN  org.hibernate.orm.cache - HHH90001006: Missing cache[internal.entities.Phone] was created on-the-fly. The created cache will use a provider-specific default configuration: make sure you defined one. You can disable this warning by setting 'hibernate.javax.cache.missing_cache_strategy' to 'create'.
""2019-09-07 00:19:39 [main] WARN  org.hibernate.orm.cache - HHH90001006: Missing cache[internal.entities.User] was created on-the-fly. The created cache will use a provider-specific default configuration: make sure you defined one. You can disable this warning by setting 'hibernate.javax.cache.missing_cache_strategy' to 'create'.
""2019-09-07 00:19:39 [main] WARN  org.hibernate.orm.cache - HHH90001006: Missing cache[internal.entities.Position] was created on-the-fly. The created cache will use a provider-specific default configuration: make sure you defined one. You can disable this warning by setting 'hibernate.javax.cache.missing_cache_strategy' to 'create'.
""2019-09-07 00:19:39 [main] WARN  org.hibernate.orm.cache - HHH90001006: Missing cache[internal.entities.Department] was created on-the-fly. The created cache will use a provider-specific default configuration: make sure you defined one. You can disable this warning by setting 'hibernate.javax.cache.missing_cache_strategy' to 'create'.
""2019-09-07 00:19:39 [main] WARN  org.hibernate.orm.cache - HHH90001006: Missing cache[internal.entities.User.grantedAuthorities] was created on-the-fly. The created cache will use a provider-specific default configuration: make sure you defined one. You can disable this warning by setting 'hibernate.javax.cache.missing_cache_strategy' to 'create'.
""2019-09-07 00:19:39 [main] WARN  org.hibernate.orm.cache - HHH90001006: Missing cache[internal.entities.Classifier] was created on-the-fly. The created cache will use a provider-specific default configuration: make sure you defined one. You can disable this warning by setting 'hibernate.javax.cache.missing_cache_strategy' to 'create'.
""2019-09-07 00:19:39 [main] WARN  org.hibernate.orm.cache - HHH90001006: Missing cache[internal.entities.Employee] was created on-the-fly. The created cache will use a provider-specific default configuration: make sure you defined one. You can disable this warning by setting 'hibernate.javax.cache.missing_cache_strategy' to 'create'.
""2019-09-07 00:19:39 [main] WARN  org.hibernate.orm.cache - HHH90001006: Missing cache[internal.entities.WorkshopGrantedAuthority] was created on-the-fly. The created cache will use a provider-specific default configuration: make sure you defined one. You can disable this warning by setting 'hibernate.javax.cache.missing_cache_strategy' to 'create'.
""2019-09-07 00:19:39 [main] WARN  org.hibernate.orm.cache - HHH90001006: Missing cache[internal.entities.Order.tasks] was created on-the-fly. The created cache will use a provider-specific default configuration: make sure you defined one. You can disable this warning by setting 'hibernate.javax.cache.missing_cache_strategy' to 'create'.
""2019-09-07 00:19:39 [main] WARN  org.hibernate.orm.cache - HHH90001006: Missing cache[internal.entities.Employee.phones] was created on-the-fly. The created cache will use a provider-specific default configuration: make sure you defined one. You can disable this warning by setting 'hibernate.javax.cache.missing_cache_strategy' to 'create'.
""2019-09-07 00:19:39 [main] WARN  org.hibernate.orm.cache - HHH90001006: Missing cache[internal.entities.Task] was created on-the-fly. The created cache will use a provider-specific default configuration: make sure you defined one. You can disable this warning by setting 'hibernate.javax.cache.missing_cache_strategy' to 'create'.
""2019-09-07 00:19:39 [main] WARN  org.hibernate.orm.cache - HHH90001006: Missing cache[internal.entities.Order] was created on-the-fly. The created cache will use a provider-specific default configuration: make sure you defined one. You can disable this warning by setting 'hibernate.javax.cache.missing_cache_strategy' to 'create'.
""2019-09-07 00:19:39 [main] WARN  org.hibernate.orm.cache - HHH90001006: Missing cache[internal.entities.Department.positions] was created on-the-fly. The created cache will use a provider-specific default configuration: make sure you defined one. You can disable this warning by setting 'hibernate.javax.cache.missing_cache_strategy' to 'create'.
""2019-09-07 00:19:39 [main] WARN  org.hibernate.orm.cache - HHH90001006: Missing cache[internal.entities.Task.classifiers] was created on-the-fly. The created cache will use a provider-specific default configuration: make sure you defined one. You can disable this warning by setting 'hibernate.javax.cache.missing_cache_strategy' to 'create'.
""2019-09-07 00:19:41 [main] WARN  o.s.b.a.o.j.JpaBaseConfiguration$JpaWebConfiguration$JpaWebMvcConfiguration - spring.jpa.open-in-view is enabled by default. Therefore, database queries may be performed during view rendering. Explicitly configure spring.jpa.open-in-view to disable this warning
""2019-09-07 00:19:44 [main] INFO  i.s.WorkshopEntitiesServiceAbstractIT - Started WorkshopEntitiesServiceAbstractIT in 10.54 seconds (JVM running for 13.049)
""2019-09-07 00:19:44 [main] INFO  i.dao.WorkshopEntitiesDaoAbstract - Department has been persisted.
""2019-09-07 00:19:44 [main] INFO  i.dao.WorkshopEntitiesDaoAbstract - Authentication=admin@workshop.pro is found
""2019-09-07 00:19:44 [main] INFO  i.dao.WorkshopEntitiesDaoAbstract - Employee has been persisted.
""2019-09-07 00:19:44 [main] INFO  i.dao.WorkshopEntitiesDaoAbstract - Authentication=admin@workshop.pro is found
""2019-09-07 00:19:44 [main] INFO  i.dao.WorkshopEntitiesDaoAbstract - Employee has been persisted.
""2019-09-07 00:19:51 [main] INFO  i.s.WorkshopEntitiesServiceAbstractIT - Starting WorkshopEntitiesServiceAbstractIT on SERSUS-PC with PID 16244 (started by Sersus in C:\Users\Sersus\IdeaProjects\WORKSHOP\internalREST)
""2019-09-07 00:19:51 [main] INFO  i.s.WorkshopEntitiesServiceAbstractIT - No active profile set, falling back to default profiles: default
""2019-09-07 00:19:56 [main] WARN  org.hibernate.orm.cache - HHH90001006: Missing cache[default-update-timestamps-region] was created on-the-fly. The created cache will use a provider-specific default configuration: make sure you defined one. You can disable this warning by setting 'hibernate.javax.cache.missing_cache_strategy' to 'create'.
""2019-09-07 00:19:56 [main] WARN  org.hibernate.orm.cache - HHH90001006: Missing cache[default-query-results-region] was created on-the-fly. The created cache will use a provider-specific default configuration: make sure you defined one. You can disable this warning by setting 'hibernate.javax.cache.missing_cache_strategy' to 'create'.
""2019-09-07 00:19:57 [main] WARN  org.hibernate.orm.cache - HHH90001006: Missing cache[internal.entities.Classifier] was created on-the-fly. The created cache will use a provider-specific default configuration: make sure you defined one. You can disable this warning by setting 'hibernate.javax.cache.missing_cache_strategy' to 'create'.
""2019-09-07 00:19:57 [main] WARN  org.hibernate.orm.cache - HHH90001006: Missing cache[internal.entities.Phone] was created on-the-fly. The created cache will use a provider-specific default configuration: make sure you defined one. You can disable this warning by setting 'hibernate.javax.cache.missing_cache_strategy' to 'create'.
""2019-09-07 00:19:57 [main] WARN  org.hibernate.orm.cache - HHH90001006: Missing cache[internal.entities.Task.classifiers] was created on-the-fly. The created cache will use a provider-specific default configuration: make sure you defined one. You can disable this warning by setting 'hibernate.javax.cache.missing_cache_strategy' to 'create'.
""2019-09-07 00:19:57 [main] WARN  org.hibernate.orm.cache - HHH90001006: Missing cache[internal.entities.Position.employees] was created on-the-fly. The created cache will use a provider-specific default configuration: make sure you defined one. You can disable this warning by setting 'hibernate.javax.cache.missing_cache_strategy' to 'create'.
""2019-09-07 00:19:57 [main] WARN  org.hibernate.orm.cache - HHH90001006: Missing cache[internal.entities.Employee] was created on-the-fly. The created cache will use a provider-specific default configuration: make sure you defined one. You can disable this warning by setting 'hibernate.javax.cache.missing_cache_strategy' to 'create'.
""2019-09-07 00:19:57 [main] WARN  org.hibernate.orm.cache - HHH90001006: Missing cache[internal.entities.User.grantedAuthorities] was created on-the-fly. The created cache will use a provider-specific default configuration: make sure you defined one. You can disable this warning by setting 'hibernate.javax.cache.missing_cache_strategy' to 'create'.
""2019-09-07 00:19:57 [main] WARN  org.hibernate.orm.cache - HHH90001006: Missing cache[internal.entities.Order.tasks] was created on-the-fly. The created cache will use a provider-specific default configuration: make sure you defined one. You can disable this warning by setting 'hibernate.javax.cache.missing_cache_strategy' to 'create'.
""2019-09-07 00:19:57 [main] WARN  org.hibernate.orm.cache - HHH90001006: Missing cache[internal.entities.Order] was created on-the-fly. The created cache will use a provider-specific default configuration: make sure you defined one. You can disable this warning by setting 'hibernate.javax.cache.missing_cache_strategy' to 'create'.
""2019-09-07 00:19:57 [main] WARN  org.hibernate.orm.cache - HHH90001006: Missing cache[internal.entities.User] was created on-the-fly. The created cache will use a provider-specific default configuration: make sure you defined one. You can disable this warning by setting 'hibernate.javax.cache.missing_cache_strategy' to 'create'.
""2019-09-07 00:19:57 [main] WARN  org.hibernate.orm.cache - HHH90001006: Missing cache[internal.entities.User.orders] was created on-the-fly. The created cache will use a provider-specific default configuration: make sure you defined one. You can disable this warning by setting 'hibernate.javax.cache.missing_cache_strategy' to 'create'.
""2019-09-07 00:19:57 [main] WARN  org.hibernate.orm.cache - HHH90001006: Missing cache[internal.entities.User.phones] was created on-the-fly. The created cache will use a provider-specific default configuration: make sure you defined one. You can disable this warning by setting 'hibernate.javax.cache.missing_cache_strategy' to 'create'.
""2019-09-07 00:19:57 [main] WARN  org.hibernate.orm.cache - HHH90001006: Missing cache[internal.entities.WorkshopGrantedAuthority] was created on-the-fly. The created cache will use a provider-specific default configuration: make sure you defined one. You can disable this warning by setting 'hibernate.javax.cache.missing_cache_strategy' to 'create'.
""2019-09-07 00:19:57 [main] WARN  org.hibernate.orm.cache - HHH90001006: Missing cache[internal.entities.Department.positions] was created on-the-fly. The created cache will use a provider-specific default configuration: make sure you defined one. You can disable this warning by setting 'hibernate.javax.cache.missing_cache_strategy' to 'create'.
""2019-09-07 00:19:57 [main] WARN  org.hibernate.orm.cache - HHH90001006: Missing cache[internal.entities.Employee.phones] was created on-the-fly. The created cache will use a provider-specific default configuration: make sure you defined one. You can disable this warning by setting 'hibernate.javax.cache.missing_cache_strategy' to 'create'.
""2019-09-07 00:19:57 [main] WARN  org.hibernate.orm.cache - HHH90001006: Missing cache[internal.entities.Position] was created on-the-fly. The created cache will use a provider-specific default configuration: make sure you defined one. You can disable this warning by setting 'hibernate.javax.cache.missing_cache_strategy' to 'create'.
""2019-09-07 00:19:57 [main] WARN  org.hibernate.orm.cache - HHH90001006: Missing cache[internal.entities.Department] was created on-the-fly. The created cache will use a provider-specific default configuration: make sure you defined one. You can disable this warning by setting 'hibernate.javax.cache.missing_cache_strategy' to 'create'.
""2019-09-07 00:19:57 [main] WARN  org.hibernate.orm.cache - HHH90001006: Missing cache[internal.entities.Task] was created on-the-fly. The created cache will use a provider-specific default configuration: make sure you defined one. You can disable this warning by setting 'hibernate.javax.cache.missing_cache_strategy' to 'create'.
""2019-09-07 00:19:59 [main] WARN  o.s.b.a.o.j.JpaBaseConfiguration$JpaWebConfiguration$JpaWebMvcConfiguration - spring.jpa.open-in-view is enabled by default. Therefore, database queries may be performed during view rendering. Explicitly configure spring.jpa.open-in-view to disable this warning
""2019-09-07 00:20:01 [main] INFO  i.s.WorkshopEntitiesServiceAbstractIT - Started WorkshopEntitiesServiceAbstractIT in 10.095 seconds (JVM running for 11.888)
""2019-09-07 00:20:01 [main] INFO  i.dao.WorkshopEntitiesDaoAbstract - Department has been persisted.
""2019-09-07 00:20:01 [main] INFO  i.dao.WorkshopEntitiesDaoAbstract - Authentication=admin@workshop.pro is found
""2019-09-07 00:20:01 [main] INFO  i.dao.WorkshopEntitiesDaoAbstract - Employee has been persisted.
""2019-09-07 00:20:01 [main] INFO  i.dao.WorkshopEntitiesDaoAbstract - Authentication=admin@workshop.pro is found
""2019-09-07 00:20:01 [main] INFO  i.dao.WorkshopEntitiesDaoAbstract - Employee has been persisted.
"